{"/home/travis/build/npmtest/node-npmtest-grunt-contrib-watch/test.js":{"path":"/home/travis/build/npmtest/node-npmtest-grunt-contrib-watch/test.js","s":{"1":2,"2":2,"3":2,"4":2,"5":2,"6":2,"7":2,"8":1,"9":2,"10":2,"11":1,"12":1,"13":1,"14":1,"15":2,"16":2,"17":2,"18":2,"19":1,"20":1,"21":2,"22":2,"23":2,"24":1,"25":1,"26":1,"27":1,"28":1,"29":1,"30":1,"31":1,"32":1,"33":1,"34":1,"35":1,"36":1,"37":1,"38":1,"39":2,"40":2,"41":1,"42":2,"43":2,"44":1,"45":2,"46":2,"47":1,"48":2,"49":2,"50":1,"51":1,"52":1,"53":1,"54":1},"b":{"1":[2,1,1,1],"2":[1,1,1,1],"3":[1,1],"4":[1,1],"5":[1,1],"6":[1,1],"7":[1,1],"8":[1,1],"9":[1,1],"10":[1,1,1],"11":[1,1],"12":[1,1],"13":[1,1],"14":[1,1],"15":[1,1],"16":[1,1],"17":[1,1]},"f":{"1":2,"2":2,"3":2,"4":2,"5":2,"6":1,"7":1,"8":1,"9":2,"10":2,"11":2,"12":2,"13":1},"fnMap":{"1":{"name":"(anonymous_1)","line":12,"loc":{"start":{"line":12,"column":1},"end":{"line":12,"column":13}}},"2":{"name":"(anonymous_2)","line":19,"loc":{"start":{"line":19,"column":5},"end":{"line":19,"column":17}}},"3":{"name":"(anonymous_3)","line":23,"loc":{"start":{"line":23,"column":24},"end":{"line":23,"column":36}}},"4":{"name":"(anonymous_4)","line":61,"loc":{"start":{"line":61,"column":5},"end":{"line":61,"column":17}}},"5":{"name":"(anonymous_5)","line":82,"loc":{"start":{"line":82,"column":5},"end":{"line":82,"column":17}}},"6":{"name":"(anonymous_6)","line":91,"loc":{"start":{"line":91,"column":77},"end":{"line":94,"column":10}}},"7":{"name":"(anonymous_7)","line":112,"loc":{"start":{"line":112,"column":83},"end":{"line":115,"column":10}},"skip":true},"8":{"name":"(anonymous_8)","line":123,"loc":{"start":{"line":123,"column":77},"end":{"line":126,"column":10}},"skip":true},"9":{"name":"(anonymous_9)","line":139,"loc":{"start":{"line":139,"column":12},"end":{"line":139,"column":40}},"skip":true},"10":{"name":"(anonymous_10)","line":147,"loc":{"start":{"line":147,"column":77},"end":{"line":150,"column":10}},"skip":true},"11":{"name":"(anonymous_11)","line":158,"loc":{"start":{"line":158,"column":83},"end":{"line":161,"column":10}},"skip":true},"12":{"name":"(anonymous_12)","line":169,"loc":{"start":{"line":169,"column":79},"end":{"line":172,"column":10}},"skip":true},"13":{"name":"(anonymous_13)","line":180,"loc":{"start":{"line":180,"column":75},"end":{"line":183,"column":10}},"skip":true}},"statementMap":{"1":{"start":{"line":12,"column":0},"end":{"line":195,"column":5}},"2":{"start":{"line":14,"column":4},"end":{"line":14,"column":14}},"3":{"start":{"line":19,"column":4},"end":{"line":56,"column":9}},"4":{"start":{"line":21,"column":8},"end":{"line":21,"column":19}},"5":{"start":{"line":23,"column":8},"end":{"line":35,"column":13}},"6":{"start":{"line":24,"column":12},"end":{"line":34,"column":13}},"7":{"start":{"line":25,"column":16},"end":{"line":28,"column":30}},"8":{"start":{"line":30,"column":16},"end":{"line":33,"column":27}},"9":{"start":{"line":37,"column":8},"end":{"line":39,"column":21}},"10":{"start":{"line":40,"column":8},"end":{"line":53,"column":9}},"11":{"start":{"line":43,"column":12},"end":{"line":46,"column":14}},"12":{"start":{"line":47,"column":12},"end":{"line":47,"column":18}},"13":{"start":{"line":50,"column":12},"end":{"line":51,"column":33}},"14":{"start":{"line":52,"column":12},"end":{"line":52,"column":18}},"15":{"start":{"line":55,"column":8},"end":{"line":55,"column":35}},"16":{"start":{"line":61,"column":4},"end":{"line":63,"column":9}},"17":{"start":{"line":62,"column":8},"end":{"line":62,"column":15}},"18":{"start":{"line":64,"column":4},"end":{"line":77,"column":5}},"19":{"start":{"line":70,"column":8},"end":{"line":70,"column":14}},"20":{"start":{"line":76,"column":8},"end":{"line":76,"column":14}},"21":{"start":{"line":82,"column":4},"end":{"line":84,"column":9}},"22":{"start":{"line":83,"column":8},"end":{"line":83,"column":15}},"23":{"start":{"line":85,"column":4},"end":{"line":194,"column":5}},"24":{"start":{"line":91,"column":8},"end":{"line":99,"column":10}},"25":{"start":{"line":98,"column":12},"end":{"line":98,"column":35}},"26":{"start":{"line":102,"column":8},"end":{"line":104,"column":63}},"27":{"start":{"line":105,"column":8},"end":{"line":105,"column":14}},"28":{"start":{"line":112,"column":8},"end":{"line":121,"column":10},"skip":true},"29":{"start":{"line":119,"column":12},"end":{"line":119,"column":55},"skip":true},"30":{"start":{"line":120,"column":12},"end":{"line":120,"column":48},"skip":true},"31":{"start":{"line":123,"column":8},"end":{"line":136,"column":10},"skip":true},"32":{"start":{"line":130,"column":12},"end":{"line":130,"column":76},"skip":true},"33":{"start":{"line":131,"column":12},"end":{"line":131,"column":73},"skip":true},"34":{"start":{"line":132,"column":12},"end":{"line":132,"column":74},"skip":true},"35":{"start":{"line":133,"column":12},"end":{"line":133,"column":79},"skip":true},"36":{"start":{"line":134,"column":12},"end":{"line":134,"column":25},"skip":true},"37":{"start":{"line":135,"column":12},"end":{"line":135,"column":45},"skip":true},"38":{"start":{"line":138,"column":8},"end":{"line":145,"column":14},"skip":true},"39":{"start":{"line":143,"column":16},"end":{"line":143,"column":29},"skip":true},"40":{"start":{"line":144,"column":16},"end":{"line":144,"column":55},"skip":true},"41":{"start":{"line":147,"column":8},"end":{"line":156,"column":10},"skip":true},"42":{"start":{"line":154,"column":12},"end":{"line":154,"column":25},"skip":true},"43":{"start":{"line":155,"column":12},"end":{"line":155,"column":45},"skip":true},"44":{"start":{"line":158,"column":8},"end":{"line":167,"column":10},"skip":true},"45":{"start":{"line":165,"column":12},"end":{"line":165,"column":25},"skip":true},"46":{"start":{"line":166,"column":12},"end":{"line":166,"column":48},"skip":true},"47":{"start":{"line":169,"column":8},"end":{"line":178,"column":10},"skip":true},"48":{"start":{"line":176,"column":12},"end":{"line":176,"column":25},"skip":true},"49":{"start":{"line":177,"column":12},"end":{"line":177,"column":46},"skip":true},"50":{"start":{"line":180,"column":8},"end":{"line":189,"column":10},"skip":true},"51":{"start":{"line":187,"column":12},"end":{"line":187,"column":94},"skip":true},"52":{"start":{"line":188,"column":12},"end":{"line":188,"column":48},"skip":true},"53":{"start":{"line":192,"column":8},"end":{"line":192,"column":35},"skip":true},"54":{"start":{"line":193,"column":8},"end":{"line":193,"column":14},"skip":true}},"branchMap":{"1":{"line":25,"type":"binary-expr","locations":[{"start":{"line":25,"column":23},"end":{"line":25,"column":62}},{"start":{"line":26,"column":20},"end":{"line":26,"column":70}},{"start":{"line":27,"column":20},"end":{"line":27,"column":71}},{"start":{"line":28,"column":20},"end":{"line":28,"column":29}}]},"2":{"line":30,"type":"binary-expr","locations":[{"start":{"line":30,"column":23},"end":{"line":30,"column":37}},{"start":{"line":31,"column":20},"end":{"line":31,"column":61}},{"start":{"line":32,"column":20},"end":{"line":32,"column":70}},{"start":{"line":33,"column":20},"end":{"line":33,"column":26}}]},"3":{"line":37,"type":"cond-expr","locations":[{"start":{"line":38,"column":14},"end":{"line":38,"column":20}},{"start":{"line":39,"column":14},"end":{"line":39,"column":20}}]},"4":{"line":40,"type":"switch","locations":[{"start":{"line":42,"column":8},"end":{"line":47,"column":18}},{"start":{"line":49,"column":8},"end":{"line":52,"column":18}}]},"5":{"line":44,"type":"binary-expr","locations":[{"start":{"line":44,"column":16},"end":{"line":44,"column":44}},{"start":{"line":44,"column":48},"end":{"line":44,"column":66}}]},"6":{"line":50,"type":"binary-expr","locations":[{"start":{"line":50,"column":21},"end":{"line":50,"column":49}},{"start":{"line":50,"column":53},"end":{"line":50,"column":72}}]},"7":{"line":64,"type":"switch","locations":[{"start":{"line":69,"column":4},"end":{"line":70,"column":14}},{"start":{"line":75,"column":4},"end":{"line":76,"column":14}}]},"8":{"line":85,"type":"switch","locations":[{"start":{"line":90,"column":4},"end":{"line":105,"column":14}},{"start":{"line":111,"column":4},"end":{"line":193,"column":14},"skip":true}]},"9":{"line":91,"type":"binary-expr","locations":[{"start":{"line":91,"column":42},"end":{"line":91,"column":73}},{"start":{"line":91,"column":77},"end":{"line":99,"column":9}}]},"10":{"line":102,"type":"binary-expr","locations":[{"start":{"line":102,"column":18},"end":{"line":102,"column":32}},{"start":{"line":103,"column":12},"end":{"line":103,"column":53}},{"start":{"line":104,"column":12},"end":{"line":104,"column":61}}]},"11":{"line":112,"type":"binary-expr","locations":[{"start":{"line":112,"column":45},"end":{"line":112,"column":79},"skip":true},{"start":{"line":112,"column":83},"end":{"line":121,"column":9},"skip":true}]},"12":{"line":123,"type":"binary-expr","locations":[{"start":{"line":123,"column":42},"end":{"line":123,"column":73},"skip":true},{"start":{"line":123,"column":77},"end":{"line":136,"column":9},"skip":true}]},"13":{"line":138,"type":"binary-expr","locations":[{"start":{"line":138,"column":48},"end":{"line":138,"column":85},"skip":true},{"start":{"line":139,"column":12},"end":{"line":145,"column":13},"skip":true}]},"14":{"line":147,"type":"binary-expr","locations":[{"start":{"line":147,"column":42},"end":{"line":147,"column":73},"skip":true},{"start":{"line":147,"column":77},"end":{"line":156,"column":9},"skip":true}]},"15":{"line":158,"type":"binary-expr","locations":[{"start":{"line":158,"column":45},"end":{"line":158,"column":79},"skip":true},{"start":{"line":158,"column":83},"end":{"line":167,"column":9},"skip":true}]},"16":{"line":169,"type":"binary-expr","locations":[{"start":{"line":169,"column":43},"end":{"line":169,"column":75},"skip":true},{"start":{"line":169,"column":79},"end":{"line":178,"column":9},"skip":true}]},"17":{"line":180,"type":"binary-expr","locations":[{"start":{"line":180,"column":41},"end":{"line":180,"column":71},"skip":true},{"start":{"line":180,"column":75},"end":{"line":189,"column":9},"skip":true}]}},"code":["/* istanbul instrument in package npmtest_grunt_contrib_watch */","/*jslint","    bitwise: true,","    browser: true,","    maxerr: 8,","    maxlen: 96,","    node: true,","    nomen: true,","    regexp: true,","    stupid: true","*/","(function () {","    'use strict';","    var local;","","","","    // run shared js-env code - init-before","    (function () {","        // init local","        local = {};","        // init modeJs","        local.modeJs = (function () {","            try {","                return typeof navigator.userAgent === 'string' &&","                    typeof document.querySelector('body') === 'object' &&","                    typeof XMLHttpRequest.prototype.open === 'function' &&","                    'browser';","            } catch (errorCaughtBrowser) {","                return module.exports &&","                    typeof process.versions.node === 'string' &&","                    typeof require('http').createServer === 'function' &&","                    'node';","            }","        }());","        // init global","        local.global = local.modeJs === 'browser'","            ? window","            : global;","        switch (local.modeJs) {","        // re-init local from window.local","        case 'browser':","            local = local.global.utility2.objectSetDefault(","                local.global.utility2_rollup || local.global.local,","                local.global.utility2","            );","            break;","        // re-init local from example.js","        case 'node':","            local = (local.global.utility2_rollup || require('utility2'))","                .requireReadme();","            break;","        }","        // export local","        local.global.local = local;","    }());","","","","    // run shared js-env code - function","    (function () {","        return;","    }());","    switch (local.modeJs) {","","","","    // run browser js-env code - function","    case 'browser':","        break;","","","","    // run node js-env code - function","    case 'node':","        break;","    }","","","","    // run shared js-env code - init-after","    (function () {","        return;","    }());","    switch (local.modeJs) {","","","","    // run browser js-env code - init-after","    case 'browser':","        local.testCase_browser_nullCase = local.testCase_browser_nullCase || function (","            options,","            onError","        ) {","        /*","         * this function will test browsers's null-case handling-behavior-behavior","         */","            onError(null, options);","        };","","        // run tests","        local.nop(local.modeTest &&","            document.querySelector('#testRunButton1') &&","            document.querySelector('#testRunButton1').click());","        break;","","","","    // run node js-env code - init-after","    /* istanbul ignore next */","    case 'node':","        local.testCase_buildApidoc_default = local.testCase_buildApidoc_default || function (","            options,","            onError","        ) {","        /*","         * this function will test buildApidoc's default handling-behavior-behavior","         */","            options = { modulePathList: module.paths };","            local.buildApidoc(options, onError);","        };","","        local.testCase_buildApp_default = local.testCase_buildApp_default || function (","            options,","            onError","        ) {","        /*","         * this function will test buildApp's default handling-behavior-behavior","         */","            local.testCase_buildReadme_default(options, local.onErrorThrow);","            local.testCase_buildLib_default(options, local.onErrorThrow);","            local.testCase_buildTest_default(options, local.onErrorThrow);","            local.testCase_buildCustomOrg_default(options, local.onErrorThrow);","            options = [];","            local.buildApp(options, onError);","        };","","        local.testCase_buildCustomOrg_default = local.testCase_buildCustomOrg_default ||","            function (options, onError) {","            /*","             * this function will test buildCustomOrg's default handling-behavior","             */","                options = {};","                local.buildCustomOrg(options, onError);","            };","","        local.testCase_buildLib_default = local.testCase_buildLib_default || function (","            options,","            onError","        ) {","        /*","         * this function will test buildLib's default handling-behavior","         */","            options = {};","            local.buildLib(options, onError);","        };","","        local.testCase_buildReadme_default = local.testCase_buildReadme_default || function (","            options,","            onError","        ) {","        /*","         * this function will test buildReadme's default handling-behavior-behavior","         */","            options = {};","            local.buildReadme(options, onError);","        };","","        local.testCase_buildTest_default = local.testCase_buildTest_default || function (","            options,","            onError","        ) {","        /*","         * this function will test buildTest's default handling-behavior","         */","            options = {};","            local.buildTest(options, onError);","        };","","        local.testCase_webpage_default = local.testCase_webpage_default || function (","            options,","            onError","        ) {","        /*","         * this function will test webpage's default handling-behavior","         */","            options = { modeCoverageMerge: true, url: local.serverLocalHost + '?modeTest=1' };","            local.browserTest(options, onError);","        };","","        // run test-server","        local.testRunServer(local);","        break;","    }","}());",""],"l":{"12":2,"14":2,"19":2,"21":2,"23":2,"24":2,"25":2,"30":1,"37":2,"40":2,"43":1,"47":1,"50":1,"52":1,"55":2,"61":2,"62":2,"64":2,"70":1,"76":1,"82":2,"83":2,"85":2,"91":1,"98":1,"102":1,"105":1,"112":1,"119":1,"120":1,"123":1,"130":1,"131":1,"132":1,"133":1,"134":1,"135":1,"138":1,"143":2,"144":2,"147":1,"154":2,"155":2,"158":1,"165":2,"166":2,"169":1,"176":2,"177":2,"180":1,"187":1,"188":1,"192":1,"193":1}},"/home/travis/build/npmtest/node-npmtest-grunt-contrib-watch/lib.npmtest_grunt_contrib_watch.js":{"path":"/home/travis/build/npmtest/node-npmtest-grunt-contrib-watch/lib.npmtest_grunt_contrib_watch.js","s":{"1":2,"2":2,"3":2,"4":2,"5":2,"6":2,"7":2,"8":1,"9":2,"10":2,"11":2,"12":2,"13":1,"14":1,"15":1,"16":1},"b":{"1":[2,1,1,1],"2":[1,1,1,1],"3":[1,1],"4":[2,2],"5":[1,1]},"f":{"1":2,"2":2,"3":2},"fnMap":{"1":{"name":"(anonymous_1)","line":12,"loc":{"start":{"line":12,"column":1},"end":{"line":12,"column":13}}},"2":{"name":"(anonymous_2)","line":19,"loc":{"start":{"line":19,"column":5},"end":{"line":19,"column":17}}},"3":{"name":"(anonymous_3)","line":23,"loc":{"start":{"line":23,"column":24},"end":{"line":23,"column":36}}}},"statementMap":{"1":{"start":{"line":12,"column":0},"end":{"line":53,"column":5}},"2":{"start":{"line":14,"column":4},"end":{"line":14,"column":14}},"3":{"start":{"line":19,"column":4},"end":{"line":52,"column":9}},"4":{"start":{"line":21,"column":8},"end":{"line":21,"column":19}},"5":{"start":{"line":23,"column":8},"end":{"line":35,"column":13}},"6":{"start":{"line":24,"column":12},"end":{"line":34,"column":13}},"7":{"start":{"line":25,"column":16},"end":{"line":28,"column":30}},"8":{"start":{"line":30,"column":16},"end":{"line":33,"column":27}},"9":{"start":{"line":37,"column":8},"end":{"line":39,"column":21}},"10":{"start":{"line":41,"column":8},"end":{"line":41,"column":54}},"11":{"start":{"line":43,"column":8},"end":{"line":43,"column":64}},"12":{"start":{"line":45,"column":8},"end":{"line":51,"column":9}},"13":{"start":{"line":46,"column":12},"end":{"line":46,"column":70}},"14":{"start":{"line":48,"column":12},"end":{"line":48,"column":35}},"15":{"start":{"line":49,"column":12},"end":{"line":49,"column":49}},"16":{"start":{"line":50,"column":12},"end":{"line":50,"column":43}}},"branchMap":{"1":{"line":25,"type":"binary-expr","locations":[{"start":{"line":25,"column":23},"end":{"line":25,"column":62}},{"start":{"line":26,"column":20},"end":{"line":26,"column":70}},{"start":{"line":27,"column":20},"end":{"line":27,"column":71}},{"start":{"line":28,"column":20},"end":{"line":28,"column":29}}]},"2":{"line":30,"type":"binary-expr","locations":[{"start":{"line":30,"column":23},"end":{"line":30,"column":37}},{"start":{"line":31,"column":20},"end":{"line":31,"column":61}},{"start":{"line":32,"column":20},"end":{"line":32,"column":70}},{"start":{"line":33,"column":20},"end":{"line":33,"column":26}}]},"3":{"line":37,"type":"cond-expr","locations":[{"start":{"line":38,"column":14},"end":{"line":38,"column":20}},{"start":{"line":39,"column":14},"end":{"line":39,"column":20}}]},"4":{"line":41,"type":"binary-expr","locations":[{"start":{"line":41,"column":16},"end":{"line":41,"column":44}},{"start":{"line":41,"column":48},"end":{"line":41,"column":53}}]},"5":{"line":45,"type":"if","locations":[{"start":{"line":45,"column":8},"end":{"line":45,"column":8}},{"start":{"line":45,"column":8},"end":{"line":45,"column":8}}]}},"code":["/* istanbul instrument in package npmtest_grunt_contrib_watch */","/*jslint","    bitwise: true,","    browser: true,","    maxerr: 8,","    maxlen: 96,","    node: true,","    nomen: true,","    regexp: true,","    stupid: true","*/","(function () {","    'use strict';","    var local;","","","","    // run shared js-env code - init-before","    (function () {","        // init local","        local = {};","        // init modeJs","        local.modeJs = (function () {","            try {","                return typeof navigator.userAgent === 'string' &&","                    typeof document.querySelector('body') === 'object' &&","                    typeof XMLHttpRequest.prototype.open === 'function' &&","                    'browser';","            } catch (errorCaughtBrowser) {","                return module.exports &&","                    typeof process.versions.node === 'string' &&","                    typeof require('http').createServer === 'function' &&","                    'node';","            }","        }());","        // init global","        local.global = local.modeJs === 'browser'","            ? window","            : global;","        // init utility2_rollup","        local = local.global.utility2_rollup || local;","        // init lib","        local.local = local.npmtest_grunt_contrib_watch = local;","        // init exports","        if (local.modeJs === 'browser') {","            local.global.utility2_npmtest_grunt_contrib_watch = local;","        } else {","            module.exports = local;","            module.exports.__dirname = __dirname;","            module.exports.module = module;","        }","    }());","}());",""],"l":{"12":2,"14":2,"19":2,"21":2,"23":2,"24":2,"25":2,"30":1,"37":2,"41":2,"43":2,"45":2,"46":1,"48":1,"49":1,"50":1}},"/home/travis/build/npmtest/node-npmtest-grunt-contrib-watch/example.js":{"path":"/home/travis/build/npmtest/node-npmtest-grunt-contrib-watch/example.js","s":{"1":2,"2":2,"3":2,"4":2,"5":2,"6":2,"7":2,"8":1,"9":2,"10":2,"11":2,"12":2,"13":1,"14":2,"15":2,"16":2,"17":2,"18":2,"19":0,"20":2,"21":1,"22":1,"23":1,"24":1,"25":1,"26":0,"27":0,"28":1,"29":1,"30":2,"31":0,"32":0,"33":0,"34":1,"35":2,"36":2,"37":3,"38":3,"39":3,"40":3,"41":0,"42":3,"43":3,"44":3,"45":1,"46":3,"47":1,"48":1,"49":1,"50":1,"51":1,"52":1,"53":1,"54":1,"55":1,"56":1,"57":0,"58":1,"59":6,"60":6,"61":1,"62":2,"63":0,"64":2,"65":1,"66":1,"67":0,"68":0,"69":0,"70":0,"71":0,"72":0,"73":0,"74":0,"75":0,"76":0,"77":0,"78":0,"79":0,"80":0,"81":0,"82":0,"83":0},"b":{"1":[2,1,1,1],"2":[1,1,1,1],"3":[1,1],"4":[2,2],"5":[1,1],"6":[1,1],"7":[2,0],"8":[2,1,1,1,1,1],"9":[0,2,0],"10":[1,1],"11":[2,1,1],"12":[1,0],"13":[0,2],"14":[2,0,0,0,0,0,0],"15":[0,3],"16":[3,0],"17":[1,1],"18":[0,1],"19":[1,2,0,2],"20":[1,0],"21":[1,1],"22":[0,0],"23":[0,0],"24":[0,0],"25":[0,0],"26":[0,0],"27":[0,0],"28":[0,0]},"f":{"1":2,"2":2,"3":2,"4":2,"5":2,"6":2,"7":3,"8":3,"9":3,"10":1,"11":6,"12":0},"fnMap":{"1":{"name":"(anonymous_1)","line":26,"loc":{"start":{"line":26,"column":1},"end":{"line":26,"column":13}}},"2":{"name":"(anonymous_2)","line":33,"loc":{"start":{"line":33,"column":5},"end":{"line":33,"column":17}}},"3":{"name":"(anonymous_3)","line":37,"loc":{"start":{"line":37,"column":24},"end":{"line":37,"column":36}}},"4":{"name":"(anonymous_4)","line":69,"loc":{"start":{"line":69,"column":31},"end":{"line":69,"column":48}},"skip":true},"5":{"name":"(anonymous_5)","line":78,"loc":{"start":{"line":78,"column":26},"end":{"line":78,"column":45}},"skip":true},"6":{"name":"(anonymous_6)","line":123,"loc":{"start":{"line":123,"column":33},"end":{"line":123,"column":48}},"skip":true},"7":{"name":"(anonymous_7)","line":125,"loc":{"start":{"line":125,"column":27},"end":{"line":125,"column":39}},"skip":true},"8":{"name":"(anonymous_8)","line":133,"loc":{"start":{"line":133,"column":59},"end":{"line":133,"column":74}},"skip":true},"9":{"name":"(anonymous_9)","line":143,"loc":{"start":{"line":143,"column":45},"end":{"line":143,"column":62}},"skip":true},"10":{"name":"(anonymous_10)","line":144,"loc":{"start":{"line":144,"column":73},"end":{"line":144,"column":92}},"skip":true},"11":{"name":"(anonymous_11)","line":272,"loc":{"start":{"line":272,"column":51},"end":{"line":272,"column":77}},"skip":true},"12":{"name":"(anonymous_12)","line":315,"loc":{"start":{"line":315,"column":32},"end":{"line":315,"column":61}},"skip":true}},"statementMap":{"1":{"start":{"line":26,"column":0},"end":{"line":326,"column":5}},"2":{"start":{"line":28,"column":4},"end":{"line":28,"column":14}},"3":{"start":{"line":33,"column":4},"end":{"line":60,"column":9}},"4":{"start":{"line":35,"column":8},"end":{"line":35,"column":19}},"5":{"start":{"line":37,"column":8},"end":{"line":49,"column":13}},"6":{"start":{"line":38,"column":12},"end":{"line":48,"column":13}},"7":{"start":{"line":39,"column":16},"end":{"line":42,"column":30}},"8":{"start":{"line":44,"column":16},"end":{"line":47,"column":27}},"9":{"start":{"line":51,"column":8},"end":{"line":53,"column":21}},"10":{"start":{"line":55,"column":8},"end":{"line":57,"column":45}},"11":{"start":{"line":59,"column":8},"end":{"line":59,"column":35}},"12":{"start":{"line":61,"column":4},"end":{"line":325,"column":5}},"13":{"start":{"line":69,"column":8},"end":{"line":121,"column":10},"skip":true},"14":{"start":{"line":70,"column":12},"end":{"line":88,"column":13},"skip":true},"15":{"start":{"line":76,"column":16},"end":{"line":87,"column":19},"skip":true},"16":{"start":{"line":79,"column":20},"end":{"line":86,"column":21},"skip":true},"17":{"start":{"line":82,"column":24},"end":{"line":82,"column":43},"skip":true},"18":{"start":{"line":83,"column":24},"end":{"line":83,"column":30},"skip":true},"19":{"start":{"line":85,"column":24},"end":{"line":85,"column":49},"skip":true},"20":{"start":{"line":89,"column":12},"end":{"line":107,"column":13},"skip":true},"21":{"start":{"line":92,"column":16},"end":{"line":102,"column":17},"skip":true},"22":{"start":{"line":93,"column":20},"end":{"line":93,"column":86},"skip":true},"23":{"start":{"line":94,"column":20},"end":{"line":95,"column":45},"skip":true},"24":{"start":{"line":96,"column":20},"end":{"line":96,"column":42},"skip":true},"25":{"start":{"line":97,"column":20},"end":{"line":97,"column":48},"skip":true},"26":{"start":{"line":100,"column":20},"end":{"line":100,"column":85},"skip":true},"27":{"start":{"line":101,"column":20},"end":{"line":101,"column":96},"skip":true},"28":{"start":{"line":103,"column":16},"end":{"line":103,"column":22},"skip":true},"29":{"start":{"line":106,"column":16},"end":{"line":106,"column":22},"skip":true},"30":{"start":{"line":108,"column":12},"end":{"line":120,"column":13},"skip":true},"31":{"start":{"line":114,"column":16},"end":{"line":119,"column":17},"skip":true},"32":{"start":{"line":116,"column":20},"end":{"line":116,"column":78},"skip":true},"33":{"start":{"line":118,"column":20},"end":{"line":118,"column":47},"skip":true},"34":{"start":{"line":123,"column":8},"end":{"line":141,"column":11},"skip":true},"35":{"start":{"line":124,"column":12},"end":{"line":124,"column":54},"skip":true},"36":{"start":{"line":125,"column":12},"end":{"line":140,"column":14},"skip":true},"37":{"start":{"line":126,"column":16},"end":{"line":126,"column":28},"skip":true},"38":{"start":{"line":127,"column":16},"end":{"line":127,"column":69},"skip":true},"39":{"start":{"line":128,"column":16},"end":{"line":128,"column":75},"skip":true},"40":{"start":{"line":129,"column":16},"end":{"line":131,"column":17},"skip":true},"41":{"start":{"line":130,"column":20},"end":{"line":130,"column":27},"skip":true},"42":{"start":{"line":133,"column":16},"end":{"line":137,"column":36},"skip":true},"43":{"start":{"line":134,"column":20},"end":{"line":136,"column":55},"skip":true},"44":{"start":{"line":139,"column":16},"end":{"line":139,"column":57},"skip":true},"45":{"start":{"line":143,"column":8},"end":{"line":147,"column":11},"skip":true},"46":{"start":{"line":144,"column":12},"end":{"line":146,"column":15},"skip":true},"47":{"start":{"line":145,"column":16},"end":{"line":145,"column":70},"skip":true},"48":{"start":{"line":149,"column":8},"end":{"line":149,"column":31},"skip":true},"49":{"start":{"line":150,"column":8},"end":{"line":150,"column":14},"skip":true},"50":{"start":{"line":158,"column":8},"end":{"line":158,"column":31},"skip":true},"51":{"start":{"line":160,"column":8},"end":{"line":160,"column":33},"skip":true},"52":{"start":{"line":161,"column":8},"end":{"line":161,"column":37},"skip":true},"53":{"start":{"line":162,"column":8},"end":{"line":162,"column":35},"skip":true},"54":{"start":{"line":164,"column":8},"end":{"line":164,"column":50},"skip":true},"55":{"start":{"line":166,"column":8},"end":{"line":256,"column":2},"skip":true},"56":{"start":{"line":258,"column":8},"end":{"line":286,"column":9},"skip":true},"57":{"start":{"line":259,"column":12},"end":{"line":269,"column":14},"skip":true},"58":{"start":{"line":271,"column":12},"end":{"line":285,"column":19},"skip":true},"59":{"start":{"line":274,"column":20},"end":{"line":274,"column":35},"skip":true},"60":{"start":{"line":275,"column":20},"end":{"line":284,"column":21},"skip":true},"61":{"start":{"line":277,"column":24},"end":{"line":277,"column":64},"skip":true},"62":{"start":{"line":279,"column":24},"end":{"line":279,"column":40},"skip":true},"63":{"start":{"line":281,"column":24},"end":{"line":281,"column":40},"skip":true},"64":{"start":{"line":283,"column":24},"end":{"line":283,"column":39},"skip":true},"65":{"start":{"line":288,"column":8},"end":{"line":290,"column":9},"skip":true},"66":{"start":{"line":289,"column":12},"end":{"line":289,"column":18},"skip":true},"67":{"start":{"line":291,"column":8},"end":{"line":293,"column":54},"skip":true},"68":{"start":{"line":296,"column":8},"end":{"line":301,"column":37},"skip":true},"69":{"start":{"line":303,"column":8},"end":{"line":303,"column":82},"skip":true},"70":{"start":{"line":306,"column":8},"end":{"line":308,"column":9},"skip":true},"71":{"start":{"line":307,"column":12},"end":{"line":307,"column":82},"skip":true},"72":{"start":{"line":310,"column":8},"end":{"line":312,"column":9},"skip":true},"73":{"start":{"line":311,"column":12},"end":{"line":311,"column":18},"skip":true},"74":{"start":{"line":313,"column":8},"end":{"line":313,"column":54},"skip":true},"75":{"start":{"line":314,"column":8},"end":{"line":314,"column":69},"skip":true},"76":{"start":{"line":315,"column":8},"end":{"line":323,"column":36},"skip":true},"77":{"start":{"line":316,"column":12},"end":{"line":316,"column":61},"skip":true},"78":{"start":{"line":317,"column":12},"end":{"line":320,"column":13},"skip":true},"79":{"start":{"line":318,"column":16},"end":{"line":318,"column":75},"skip":true},"80":{"start":{"line":319,"column":16},"end":{"line":319,"column":23},"skip":true},"81":{"start":{"line":321,"column":12},"end":{"line":321,"column":38},"skip":true},"82":{"start":{"line":322,"column":12},"end":{"line":322,"column":27},"skip":true},"83":{"start":{"line":324,"column":8},"end":{"line":324,"column":14},"skip":true}},"branchMap":{"1":{"line":39,"type":"binary-expr","locations":[{"start":{"line":39,"column":23},"end":{"line":39,"column":62}},{"start":{"line":40,"column":20},"end":{"line":40,"column":70}},{"start":{"line":41,"column":20},"end":{"line":41,"column":71}},{"start":{"line":42,"column":20},"end":{"line":42,"column":29}}]},"2":{"line":44,"type":"binary-expr","locations":[{"start":{"line":44,"column":23},"end":{"line":44,"column":37}},{"start":{"line":45,"column":20},"end":{"line":45,"column":61}},{"start":{"line":46,"column":20},"end":{"line":46,"column":70}},{"start":{"line":47,"column":20},"end":{"line":47,"column":26}}]},"3":{"line":51,"type":"cond-expr","locations":[{"start":{"line":52,"column":14},"end":{"line":52,"column":20}},{"start":{"line":53,"column":14},"end":{"line":53,"column":20}}]},"4":{"line":55,"type":"binary-expr","locations":[{"start":{"line":55,"column":16},"end":{"line":55,"column":44}},{"start":{"line":55,"column":49},"end":{"line":57,"column":43}}]},"5":{"line":55,"type":"cond-expr","locations":[{"start":{"line":56,"column":14},"end":{"line":56,"column":63}},{"start":{"line":57,"column":14},"end":{"line":57,"column":43}}]},"6":{"line":61,"type":"switch","locations":[{"start":{"line":68,"column":4},"end":{"line":150,"column":14},"skip":true},{"start":{"line":156,"column":4},"end":{"line":324,"column":14},"skip":true}]},"7":{"line":70,"type":"if","locations":[{"start":{"line":70,"column":12},"end":{"line":70,"column":12},"skip":true},{"start":{"line":70,"column":12},"end":{"line":70,"column":12},"skip":true}]},"8":{"line":70,"type":"binary-expr","locations":[{"start":{"line":70,"column":16},"end":{"line":70,"column":22},"skip":true},{"start":{"line":70,"column":27},"end":{"line":70,"column":32},"skip":true},{"start":{"line":71,"column":20},"end":{"line":71,"column":39},"skip":true},{"start":{"line":72,"column":20},"end":{"line":72,"column":49},"skip":true},{"start":{"line":73,"column":20},"end":{"line":73,"column":58},"skip":true},{"start":{"line":74,"column":20},"end":{"line":74,"column":69},"skip":true}]},"9":{"line":79,"type":"switch","locations":[{"start":{"line":80,"column":20},"end":{"line":80,"column":33},"skip":true},{"start":{"line":81,"column":20},"end":{"line":83,"column":30},"skip":true},{"start":{"line":84,"column":20},"end":{"line":85,"column":49},"skip":true}]},"10":{"line":89,"type":"switch","locations":[{"start":{"line":90,"column":12},"end":{"line":103,"column":22},"skip":true},{"start":{"line":105,"column":12},"end":{"line":106,"column":22},"skip":true}]},"11":{"line":89,"type":"binary-expr","locations":[{"start":{"line":89,"column":20},"end":{"line":89,"column":25},"skip":true},{"start":{"line":89,"column":29},"end":{"line":89,"column":48},"skip":true},{"start":{"line":89,"column":52},"end":{"line":89,"column":74},"skip":true}]},"12":{"line":92,"type":"if","locations":[{"start":{"line":92,"column":16},"end":{"line":92,"column":16},"skip":true},{"start":{"line":92,"column":16},"end":{"line":92,"column":16},"skip":true}]},"13":{"line":108,"type":"if","locations":[{"start":{"line":108,"column":12},"end":{"line":108,"column":12},"skip":true},{"start":{"line":108,"column":12},"end":{"line":108,"column":12},"skip":true}]},"14":{"line":108,"type":"binary-expr","locations":[{"start":{"line":108,"column":16},"end":{"line":108,"column":61},"skip":true},{"start":{"line":108,"column":66},"end":{"line":108,"column":72},"skip":true},{"start":{"line":108,"column":77},"end":{"line":108,"column":82},"skip":true},{"start":{"line":109,"column":20},"end":{"line":109,"column":39},"skip":true},{"start":{"line":110,"column":20},"end":{"line":110,"column":49},"skip":true},{"start":{"line":111,"column":20},"end":{"line":111,"column":58},"skip":true},{"start":{"line":112,"column":20},"end":{"line":112,"column":68},"skip":true}]},"15":{"line":129,"type":"if","locations":[{"start":{"line":129,"column":16},"end":{"line":129,"column":16},"skip":true},{"start":{"line":129,"column":16},"end":{"line":129,"column":16},"skip":true}]},"16":{"line":134,"type":"cond-expr","locations":[{"start":{"line":135,"column":26},"end":{"line":135,"column":29},"skip":true},{"start":{"line":136,"column":26},"end":{"line":136,"column":54},"skip":true}]},"17":{"line":164,"type":"binary-expr","locations":[{"start":{"line":164,"column":27},"end":{"line":164,"column":43},"skip":true},{"start":{"line":164,"column":47},"end":{"line":164,"column":49},"skip":true}]},"18":{"line":258,"type":"if","locations":[{"start":{"line":258,"column":8},"end":{"line":258,"column":8},"skip":true},{"start":{"line":258,"column":8},"end":{"line":258,"column":8},"skip":true}]},"19":{"line":275,"type":"switch","locations":[{"start":{"line":276,"column":20},"end":{"line":277,"column":64},"skip":true},{"start":{"line":278,"column":20},"end":{"line":279,"column":40},"skip":true},{"start":{"line":280,"column":20},"end":{"line":281,"column":40},"skip":true},{"start":{"line":282,"column":20},"end":{"line":283,"column":39},"skip":true}]},"20":{"line":288,"type":"if","locations":[{"start":{"line":288,"column":8},"end":{"line":288,"column":8},"skip":true},{"start":{"line":288,"column":8},"end":{"line":288,"column":8},"skip":true}]},"21":{"line":288,"type":"binary-expr","locations":[{"start":{"line":288,"column":12},"end":{"line":288,"column":40},"skip":true},{"start":{"line":288,"column":44},"end":{"line":288,"column":67},"skip":true}]},"22":{"line":292,"type":"binary-expr","locations":[{"start":{"line":292,"column":12},"end":{"line":292,"column":50},"skip":true},{"start":{"line":293,"column":12},"end":{"line":293,"column":53},"skip":true}]},"23":{"line":297,"type":"binary-expr","locations":[{"start":{"line":297,"column":12},"end":{"line":297,"column":77},"skip":true},{"start":{"line":298,"column":12},"end":{"line":301,"column":36},"skip":true}]},"24":{"line":303,"type":"binary-expr","locations":[{"start":{"line":303,"column":43},"end":{"line":303,"column":75},"skip":true},{"start":{"line":303,"column":79},"end":{"line":303,"column":81},"skip":true}]},"25":{"line":306,"type":"if","locations":[{"start":{"line":306,"column":8},"end":{"line":306,"column":8},"skip":true},{"start":{"line":306,"column":8},"end":{"line":306,"column":8},"skip":true}]},"26":{"line":310,"type":"if","locations":[{"start":{"line":310,"column":8},"end":{"line":310,"column":8},"skip":true},{"start":{"line":310,"column":8},"end":{"line":310,"column":8},"skip":true}]},"27":{"line":313,"type":"binary-expr","locations":[{"start":{"line":313,"column":27},"end":{"line":313,"column":43},"skip":true},{"start":{"line":313,"column":47},"end":{"line":313,"column":53},"skip":true}]},"28":{"line":317,"type":"if","locations":[{"start":{"line":317,"column":12},"end":{"line":317,"column":12},"skip":true},{"start":{"line":317,"column":12},"end":{"line":317,"column":12},"skip":true}]}},"code":["/*","example.js","","quickstart example","","instruction","    1. save this script as example.js","    2. run the shell command:","        $ npm install npmtest-grunt-contrib-watch && PORT=8081 node example.js","    3. play with the browser-demo on http://127.0.0.1:8081","*/","","","","/* istanbul instrument in package npmtest_grunt_contrib_watch */","/*jslint","    bitwise: true,","    browser: true,","    maxerr: 8,","    maxlen: 96,","    node: true,","    nomen: true,","    regexp: true,","    stupid: true","*/","(function () {","    'use strict';","    var local;","","","","    // run shared js-env code - init-before","    (function () {","        // init local","        local = {};","        // init modeJs","        local.modeJs = (function () {","            try {","                return typeof navigator.userAgent === 'string' &&","                    typeof document.querySelector('body') === 'object' &&","                    typeof XMLHttpRequest.prototype.open === 'function' &&","                    'browser';","            } catch (errorCaughtBrowser) {","                return module.exports &&","                    typeof process.versions.node === 'string' &&","                    typeof require('http').createServer === 'function' &&","                    'node';","            }","        }());","        // init global","        local.global = local.modeJs === 'browser'","            ? window","            : global;","        // init utility2_rollup","        local = local.global.utility2_rollup || (local.modeJs === 'browser'","            ? local.global.utility2_npmtest_grunt_contrib_watch","            : global.utility2_moduleExports);","        // export local","        local.global.local = local;","    }());","    switch (local.modeJs) {","","","","    // init-after","    // run browser js-env code - init-after","    /* istanbul ignore next */","    case 'browser':","        local.testRunBrowser = function (event) {","            if (!event || (event &&","                    event.currentTarget &&","                    event.currentTarget.className &&","                    event.currentTarget.className.includes &&","                    event.currentTarget.className.includes('onreset'))) {","                // reset output","                Array.from(","                    document.querySelectorAll('body > .resettable')","                ).forEach(function (element) {","                    switch (element.tagName) {","                    case 'INPUT':","                    case 'TEXTAREA':","                        element.value = '';","                        break;","                    default:","                        element.textContent = '';","                    }","                });","            }","            switch (event && event.currentTarget && event.currentTarget.id) {","            case 'testRunButton1':","                // show tests","                if (document.querySelector('#testReportDiv1').style.display === 'none') {","                    document.querySelector('#testReportDiv1').style.display = 'block';","                    document.querySelector('#testRunButton1').textContent =","                        'hide internal test';","                    local.modeTest = true;","                    local.testRunDefault(local);","                // hide tests","                } else {","                    document.querySelector('#testReportDiv1').style.display = 'none';","                    document.querySelector('#testRunButton1').textContent = 'run internal test';","                }","                break;","            // custom-case","            default:","                break;","            }","            if (document.querySelector('#inputTextareaEval1') && (!event || (event &&","                    event.currentTarget &&","                    event.currentTarget.className &&","                    event.currentTarget.className.includes &&","                    event.currentTarget.className.includes('oneval')))) {","                // try to eval input-code","                try {","                    /*jslint evil: true*/","                    eval(document.querySelector('#inputTextareaEval1').value);","                } catch (errorCaught) {","                    console.error(errorCaught);","                }","            }","        };","        // log stderr and stdout to #outputTextareaStdout1","        ['error', 'log'].forEach(function (key) {","            console[key + '_original'] = console[key];","            console[key] = function () {","                var element;","                console[key + '_original'].apply(console, arguments);","                element = document.querySelector('#outputTextareaStdout1');","                if (!element) {","                    return;","                }","                // append text to #outputTextareaStdout1","                element.value += Array.from(arguments).map(function (arg) {","                    return typeof arg === 'string'","                        ? arg","                        : JSON.stringify(arg, null, 4);","                }).join(' ') + '\\n';","                // scroll textarea to bottom","                element.scrollTop = element.scrollHeight;","            };","        });","        // init event-handling","        ['change', 'click', 'keyup'].forEach(function (event) {","            Array.from(document.querySelectorAll('.on' + event)).forEach(function (element) {","                element.addEventListener(event, local.testRunBrowser);","            });","        });","        // run tests","        local.testRunBrowser();","        break;","","","","    // run node js-env code - init-after","    /* istanbul ignore next */","    case 'node':","        // export local","        module.exports = local;","        // require modules","        local.fs = require('fs');","        local.http = require('http');","        local.url = require('url');","        // init assets","        local.assetsDict = local.assetsDict || {};","        /* jslint-ignore-begin */","        local.assetsDict['/assets.index.template.html'] = '\\","<!doctype html>\\n\\","<html lang=\"en\">\\n\\","<head>\\n\\","<meta charset=\"UTF-8\">\\n\\","<meta name=\"viewport\" content=\"width=device-width, initial-scale=1\">\\n\\","<title>{{env.npm_package_name}} (v{{env.npm_package_version}})</title>\\n\\","<style>\\n\\","/*csslint\\n\\","    box-sizing: false,\\n\\","    universal-selector: false\\n\\","*/\\n\\","* {\\n\\","    box-sizing: border-box;\\n\\","}\\n\\","body {\\n\\","    background: #dde;\\n\\","    font-family: Arial, Helvetica, sans-serif;\\n\\","    margin: 2rem;\\n\\","}\\n\\","body > * {\\n\\","    margin-bottom: 1rem;\\n\\","}\\n\\",".utility2FooterDiv {\\n\\","    margin-top: 20px;\\n\\","    text-align: center;\\n\\","}\\n\\","</style>\\n\\","<style>\\n\\","/*csslint\\n\\","*/\\n\\","textarea {\\n\\","    font-family: monospace;\\n\\","    height: 10rem;\\n\\","    width: 100%;\\n\\","}\\n\\","textarea[readonly] {\\n\\","    background: #ddd;\\n\\","}\\n\\","</style>\\n\\","</head>\\n\\","<body>\\n\\","<!-- utility2-comment\\n\\","<div id=\"ajaxProgressDiv1\" style=\"background: #d00; height: 2px; left: 0; margin: 0; padding: 0; position: fixed; top: 0; transition: background 0.5s, width 1.5s; width: 25%;\"></div>\\n\\","utility2-comment -->\\n\\","<h1>\\n\\","<!-- utility2-comment\\n\\","    <a\\n\\","        {{#if env.npm_package_homepage}}\\n\\","        href=\"{{env.npm_package_homepage}}\"\\n\\","        {{/if env.npm_package_homepage}}\\n\\","        target=\"_blank\"\\n\\","    >\\n\\","utility2-comment -->\\n\\","        {{env.npm_package_name}} (v{{env.npm_package_version}})\\n\\","<!-- utility2-comment\\n\\","    </a>\\n\\","utility2-comment -->\\n\\","</h1>\\n\\","<h3>{{env.npm_package_description}}</h3>\\n\\","<!-- utility2-comment\\n\\","<h4><a download href=\"assets.app.js\">download standalone app</a></h4>\\n\\","<button class=\"onclick onreset\" id=\"testRunButton1\">run internal test</button><br>\\n\\","<div id=\"testReportDiv1\" style=\"display: none;\"></div>\\n\\","utility2-comment -->\\n\\","\\n\\","\\n\\","\\n\\","<label>stderr and stdout</label>\\n\\","<textarea class=\"resettable\" id=\"outputTextareaStdout1\" readonly></textarea>\\n\\","<!-- utility2-comment\\n\\","{{#if isRollup}}\\n\\","<script src=\"assets.app.js\"></script>\\n\\","{{#unless isRollup}}\\n\\","utility2-comment -->\\n\\","<script src=\"assets.utility2.rollup.js\"></script>\\n\\","<script src=\"jsonp.utility2._stateInit?callback=window.utility2._stateInit\"></script>\\n\\","<script src=\"assets.npmtest_grunt_contrib_watch.rollup.js\"></script>\\n\\","<script src=\"assets.example.js\"></script>\\n\\","<script src=\"assets.test.js\"></script>\\n\\","<!-- utility2-comment\\n\\","{{/if isRollup}}\\n\\","utility2-comment -->\\n\\","<div class=\"utility2FooterDiv\">\\n\\","    [ this app was created with\\n\\","    <a href=\"https://github.com/kaizhu256/node-utility2\" target=\"_blank\">utility2</a>\\n\\","    ]\\n\\","</div>\\n\\","</body>\\n\\","</html>\\n\\","';","        /* jslint-ignore-end */","        if (local.templateRender) {","            local.assetsDict['/'] = local.templateRender(","                local.assetsDict['/assets.index.template.html'],","                {","                    env: local.objectSetDefault(local.env, {","                        npm_package_description: 'the greatest app in the world!',","                        npm_package_name: 'my-app',","                        npm_package_nameAlias: 'my_app',","                        npm_package_version: '0.0.1'","                    })","                }","            );","        } else {","            local.assetsDict['/'] = local.assetsDict['/assets.index.template.html']","                .replace((/\\{\\{env\\.(\\w+?)\\}\\}/g), function (match0, match1) {","                    // jslint-hack","                    String(match0);","                    switch (match1) {","                    case 'npm_package_description':","                        return 'the greatest app in the world!';","                    case 'npm_package_name':","                        return 'my-app';","                    case 'npm_package_nameAlias':","                        return 'my_app';","                    case 'npm_package_version':","                        return '0.0.1';","                    }","                });","        }","        // run the cli","        if (local.global.utility2_rollup || module !== require.main) {","            break;","        }","        local.assetsDict['/assets.example.js'] =","            local.assetsDict['/assets.example.js'] ||","            local.fs.readFileSync(__filename, 'utf8');","        // bug-workaround - long $npm_package_buildCustomOrg","        /* jslint-ignore-begin */","        local.assetsDict['/assets.npmtest_grunt_contrib_watch.rollup.js'] =","            local.assetsDict['/assets.npmtest_grunt_contrib_watch.rollup.js'] ||","            local.fs.readFileSync(","                local.npmtest_grunt_contrib_watch.__dirname + '/lib.npmtest_grunt_contrib_watch.js',","                'utf8'","            ).replace((/^#!/), '//');","        /* jslint-ignore-end */","        local.assetsDict['/favicon.ico'] = local.assetsDict['/favicon.ico'] || '';","        // if $npm_config_timeout_exit exists,","        // then exit this process after $npm_config_timeout_exit ms","        if (Number(process.env.npm_config_timeout_exit)) {","            setTimeout(process.exit, Number(process.env.npm_config_timeout_exit));","        }","        // start server","        if (local.global.utility2_serverHttp1) {","            break;","        }","        process.env.PORT = process.env.PORT || '8081';","        console.error('server starting on port ' + process.env.PORT);","        local.http.createServer(function (request, response) {","            request.urlParsed = local.url.parse(request.url);","            if (local.assetsDict[request.urlParsed.pathname] !== undefined) {","                response.end(local.assetsDict[request.urlParsed.pathname]);","                return;","            }","            response.statusCode = 404;","            response.end();","        }).listen(process.env.PORT);","        break;","    }","}());",""],"l":{"26":2,"28":2,"33":2,"35":2,"37":2,"38":2,"39":2,"44":1,"51":2,"55":2,"59":2,"61":2,"69":1,"70":2,"76":2,"79":2,"82":2,"83":2,"85":1,"89":2,"92":1,"93":1,"94":1,"96":1,"97":1,"100":1,"101":1,"103":1,"106":1,"108":2,"114":1,"116":1,"118":1,"123":1,"124":2,"125":2,"126":3,"127":3,"128":3,"129":3,"130":1,"133":3,"134":3,"139":3,"143":1,"144":3,"145":1,"149":1,"150":1,"158":1,"160":1,"161":1,"162":1,"164":1,"166":1,"258":1,"259":1,"271":1,"274":6,"275":6,"277":1,"279":2,"281":1,"283":2,"288":1,"289":1,"291":1,"296":1,"303":1,"306":1,"307":1,"310":1,"311":1,"313":1,"314":1,"315":1,"316":1,"317":1,"318":1,"319":1,"321":1,"322":1,"324":1}},"/home/travis/build/npmtest/node-npmtest-grunt-contrib-watch/node_modules/grunt-contrib-watch/tasks/watch.js":{"path":"/home/travis/build/npmtest/node-npmtest-grunt-contrib-watch/node_modules/grunt-contrib-watch/tasks/watch.js","s":{"1":1,"2":1,"3":1,"4":1,"5":1,"6":1,"7":1,"8":0,"9":0,"10":0,"11":0,"12":0,"13":0,"14":0,"15":0,"16":0,"17":0,"18":0,"19":0,"20":0,"21":0,"22":0,"23":0,"24":0,"25":0,"26":0,"27":0,"28":0,"29":0,"30":0,"31":0,"32":0,"33":0,"34":0,"35":0,"36":0,"37":0,"38":0,"39":0,"40":0,"41":0,"42":0,"43":0,"44":0,"45":0,"46":0,"47":0,"48":0,"49":0,"50":0,"51":0,"52":0,"53":0,"54":0,"55":0,"56":0,"57":0,"58":0,"59":0,"60":0,"61":0,"62":0,"63":0,"64":0,"65":0,"66":0,"67":0,"68":0,"69":0,"70":0,"71":0,"72":0,"73":0,"74":0,"75":0,"76":0,"77":0,"78":0,"79":0,"80":0,"81":0,"82":0},"b":{"1":[0,0],"2":[0,0],"3":[0,0],"4":[0,0],"5":[0,0],"6":[0,0],"7":[0,0],"8":[0,0],"9":[0,0],"10":[0,0],"11":[0,0],"12":[0,0],"13":[0,0],"14":[0,0],"15":[0,0],"16":[0,0],"17":[0,0],"18":[0,0],"19":[0,0],"20":[0,0],"21":[0,0],"22":[0,0],"23":[0,0],"24":[0,0]},"f":{"1":0,"2":0,"3":0,"4":0,"5":0,"6":0,"7":0,"8":0,"9":0,"10":0,"11":0,"12":0,"13":0,"14":0,"15":0,"16":0},"fnMap":{"1":{"name":"(anonymous_1)","line":18,"loc":{"start":{"line":18,"column":17},"end":{"line":18,"column":33}}},"2":{"name":"(anonymous_2)","line":23,"loc":{"start":{"line":23,"column":19},"end":{"line":23,"column":34}}},"3":{"name":"(anonymous_3)","line":33,"loc":{"start":{"line":33,"column":22},"end":{"line":33,"column":33}}},"4":{"name":"(anonymous_4)","line":34,"loc":{"start":{"line":34,"column":38},"end":{"line":34,"column":57}}},"5":{"name":"(anonymous_5)","line":43,"loc":{"start":{"line":43,"column":20},"end":{"line":43,"column":35}}},"6":{"name":"(anonymous_6)","line":50,"loc":{"start":{"line":50,"column":26},"end":{"line":50,"column":37}}},"7":{"name":"(anonymous_7)","line":55,"loc":{"start":{"line":55,"column":23},"end":{"line":55,"column":34}}},"8":{"name":"(anonymous_8)","line":60,"loc":{"start":{"line":60,"column":85},"end":{"line":60,"column":102}}},"9":{"name":"(anonymous_9)","line":65,"loc":{"start":{"line":65,"column":21},"end":{"line":65,"column":39}}},"10":{"name":"(anonymous_10)","line":88,"loc":{"start":{"line":88,"column":20},"end":{"line":88,"column":37}}},"11":{"name":"(anonymous_11)","line":94,"loc":{"start":{"line":94,"column":57},"end":{"line":94,"column":75}}},"12":{"name":"(anonymous_12)","line":114,"loc":{"start":{"line":114,"column":55},"end":{"line":114,"column":69}}},"13":{"name":"(anonymous_13)","line":127,"loc":{"start":{"line":127,"column":39},"end":{"line":127,"column":60}}},"14":{"name":"(anonymous_14)","line":128,"loc":{"start":{"line":128,"column":40},"end":{"line":128,"column":62}}},"15":{"name":"(anonymous_15)","line":135,"loc":{"start":{"line":135,"column":23},"end":{"line":135,"column":50}}},"16":{"name":"(anonymous_16)","line":181,"loc":{"start":{"line":181,"column":25},"end":{"line":181,"column":39}}}},"statementMap":{"1":{"start":{"line":11,"column":0},"end":{"line":11,"column":27}},"2":{"start":{"line":12,"column":0},"end":{"line":12,"column":32}},"3":{"start":{"line":13,"column":0},"end":{"line":13,"column":26}},"4":{"start":{"line":14,"column":0},"end":{"line":14,"column":27}},"5":{"start":{"line":15,"column":0},"end":{"line":15,"column":39}},"6":{"start":{"line":16,"column":0},"end":{"line":16,"column":18}},"7":{"start":{"line":18,"column":0},"end":{"line":191,"column":2}},"8":{"start":{"line":20,"column":2},"end":{"line":20,"column":51}},"9":{"start":{"line":23,"column":2},"end":{"line":30,"column":4}},"10":{"start":{"line":24,"column":4},"end":{"line":29,"column":30}},"11":{"start":{"line":33,"column":2},"end":{"line":40,"column":5}},"12":{"start":{"line":34,"column":4},"end":{"line":37,"column":7}},"13":{"start":{"line":36,"column":6},"end":{"line":36,"column":78}},"14":{"start":{"line":39,"column":4},"end":{"line":39,"column":39}},"15":{"start":{"line":43,"column":2},"end":{"line":47,"column":5}},"16":{"start":{"line":44,"column":4},"end":{"line":46,"column":5}},"17":{"start":{"line":45,"column":6},"end":{"line":45,"column":23}},"18":{"start":{"line":50,"column":2},"end":{"line":52,"column":5}},"19":{"start":{"line":51,"column":4},"end":{"line":51,"column":83}},"20":{"start":{"line":55,"column":2},"end":{"line":58,"column":5}},"21":{"start":{"line":56,"column":4},"end":{"line":56,"column":57}},"22":{"start":{"line":57,"column":4},"end":{"line":57,"column":68}},"23":{"start":{"line":60,"column":2},"end":{"line":190,"column":5}},"24":{"start":{"line":61,"column":4},"end":{"line":61,"column":20}},"25":{"start":{"line":62,"column":4},"end":{"line":62,"column":36}},"26":{"start":{"line":65,"column":4},"end":{"line":67,"column":7}},"27":{"start":{"line":66,"column":6},"end":{"line":66,"column":22}},"28":{"start":{"line":68,"column":4},"end":{"line":68,"column":18}},"29":{"start":{"line":71,"column":4},"end":{"line":73,"column":5}},"30":{"start":{"line":72,"column":6},"end":{"line":72,"column":24}},"31":{"start":{"line":76,"column":4},"end":{"line":76,"column":59}},"32":{"start":{"line":77,"column":4},"end":{"line":79,"column":5}},"33":{"start":{"line":78,"column":6},"end":{"line":78,"column":22}},"34":{"start":{"line":81,"column":4},"end":{"line":83,"column":5}},"35":{"start":{"line":82,"column":6},"end":{"line":82,"column":33}},"36":{"start":{"line":86,"column":4},"end":{"line":86,"column":55}},"37":{"start":{"line":88,"column":4},"end":{"line":188,"column":7}},"38":{"start":{"line":89,"column":6},"end":{"line":91,"column":7}},"39":{"start":{"line":90,"column":8},"end":{"line":90,"column":38}},"40":{"start":{"line":94,"column":6},"end":{"line":96,"column":17}},"41":{"start":{"line":95,"column":8},"end":{"line":95,"column":45}},"42":{"start":{"line":99,"column":6},"end":{"line":101,"column":7}},"43":{"start":{"line":100,"column":8},"end":{"line":100,"column":54}},"44":{"start":{"line":103,"column":6},"end":{"line":103,"column":35}},"45":{"start":{"line":104,"column":6},"end":{"line":106,"column":7}},"46":{"start":{"line":105,"column":8},"end":{"line":105,"column":44}},"47":{"start":{"line":109,"column":6},"end":{"line":111,"column":7}},"48":{"start":{"line":110,"column":8},"end":{"line":110,"column":54}},"49":{"start":{"line":114,"column":6},"end":{"line":187,"column":10}},"50":{"start":{"line":115,"column":8},"end":{"line":122,"column":9}},"51":{"start":{"line":116,"column":10},"end":{"line":118,"column":11}},"52":{"start":{"line":117,"column":12},"end":{"line":117,"column":33}},"53":{"start":{"line":119,"column":10},"end":{"line":119,"column":41}},"54":{"start":{"line":120,"column":10},"end":{"line":120,"column":27}},"55":{"start":{"line":121,"column":10},"end":{"line":121,"column":32}},"56":{"start":{"line":125,"column":8},"end":{"line":132,"column":9}},"57":{"start":{"line":126,"column":10},"end":{"line":126,"column":39}},"58":{"start":{"line":127,"column":10},"end":{"line":131,"column":13}},"59":{"start":{"line":128,"column":12},"end":{"line":130,"column":15}},"60":{"start":{"line":129,"column":14},"end":{"line":129,"column":107}},"61":{"start":{"line":135,"column":8},"end":{"line":178,"column":11}},"62":{"start":{"line":138,"column":10},"end":{"line":141,"column":11}},"63":{"start":{"line":140,"column":12},"end":{"line":140,"column":19}},"64":{"start":{"line":143,"column":10},"end":{"line":143,"column":55}},"65":{"start":{"line":146,"column":10},"end":{"line":148,"column":11}},"66":{"start":{"line":147,"column":12},"end":{"line":147,"column":19}},"67":{"start":{"line":151,"column":10},"end":{"line":153,"column":11}},"68":{"start":{"line":152,"column":12},"end":{"line":152,"column":34}},"69":{"start":{"line":156,"column":10},"end":{"line":158,"column":11}},"70":{"start":{"line":157,"column":12},"end":{"line":157,"column":69}},"71":{"start":{"line":161,"column":10},"end":{"line":161,"column":42}},"72":{"start":{"line":164,"column":10},"end":{"line":169,"column":11}},"73":{"start":{"line":165,"column":12},"end":{"line":167,"column":13}},"74":{"start":{"line":166,"column":14},"end":{"line":166,"column":78}},"75":{"start":{"line":168,"column":12},"end":{"line":168,"column":73}},"76":{"start":{"line":172,"column":10},"end":{"line":174,"column":11}},"77":{"start":{"line":173,"column":12},"end":{"line":173,"column":44}},"78":{"start":{"line":177,"column":10},"end":{"line":177,"column":24}},"79":{"start":{"line":181,"column":8},"end":{"line":186,"column":11}},"80":{"start":{"line":182,"column":10},"end":{"line":184,"column":11}},"81":{"start":{"line":183,"column":12},"end":{"line":183,"column":33}},"82":{"start":{"line":185,"column":10},"end":{"line":185,"column":39}}},"branchMap":{"1":{"line":44,"type":"if","locations":[{"start":{"line":44,"column":4},"end":{"line":44,"column":4}},{"start":{"line":44,"column":4},"end":{"line":44,"column":4}}]},"2":{"line":62,"type":"binary-expr","locations":[{"start":{"line":62,"column":15},"end":{"line":62,"column":24}},{"start":{"line":62,"column":28},"end":{"line":62,"column":35}}]},"3":{"line":71,"type":"if","locations":[{"start":{"line":71,"column":4},"end":{"line":71,"column":4}},{"start":{"line":71,"column":4},"end":{"line":71,"column":4}}]},"4":{"line":77,"type":"if","locations":[{"start":{"line":77,"column":4},"end":{"line":77,"column":4}},{"start":{"line":77,"column":4},"end":{"line":77,"column":4}}]},"5":{"line":81,"type":"if","locations":[{"start":{"line":81,"column":4},"end":{"line":81,"column":4}},{"start":{"line":81,"column":4},"end":{"line":81,"column":4}}]},"6":{"line":89,"type":"if","locations":[{"start":{"line":89,"column":6},"end":{"line":89,"column":6}},{"start":{"line":89,"column":6},"end":{"line":89,"column":6}}]},"7":{"line":99,"type":"if","locations":[{"start":{"line":99,"column":6},"end":{"line":99,"column":6}},{"start":{"line":99,"column":6},"end":{"line":99,"column":6}}]},"8":{"line":104,"type":"if","locations":[{"start":{"line":104,"column":6},"end":{"line":104,"column":6}},{"start":{"line":104,"column":6},"end":{"line":104,"column":6}}]},"9":{"line":104,"type":"binary-expr","locations":[{"start":{"line":104,"column":10},"end":{"line":104,"column":28}},{"start":{"line":104,"column":32},"end":{"line":104,"column":56}}]},"10":{"line":109,"type":"if","locations":[{"start":{"line":109,"column":6},"end":{"line":109,"column":6}},{"start":{"line":109,"column":6},"end":{"line":109,"column":6}}]},"11":{"line":109,"type":"binary-expr","locations":[{"start":{"line":109,"column":10},"end":{"line":109,"column":48}},{"start":{"line":109,"column":52},"end":{"line":109,"column":76}}]},"12":{"line":115,"type":"if","locations":[{"start":{"line":115,"column":8},"end":{"line":115,"column":8}},{"start":{"line":115,"column":8},"end":{"line":115,"column":8}}]},"13":{"line":116,"type":"if","locations":[{"start":{"line":116,"column":10},"end":{"line":116,"column":10}},{"start":{"line":116,"column":10},"end":{"line":116,"column":10}}]},"14":{"line":125,"type":"if","locations":[{"start":{"line":125,"column":8},"end":{"line":125,"column":8}},{"start":{"line":125,"column":8},"end":{"line":125,"column":8}}]},"15":{"line":138,"type":"if","locations":[{"start":{"line":138,"column":10},"end":{"line":138,"column":10}},{"start":{"line":138,"column":10},"end":{"line":138,"column":10}}]},"16":{"line":138,"type":"binary-expr","locations":[{"start":{"line":138,"column":14},"end":{"line":138,"column":54}},{"start":{"line":139,"column":14},"end":{"line":139,"column":55}}]},"17":{"line":146,"type":"if","locations":[{"start":{"line":146,"column":10},"end":{"line":146,"column":10}},{"start":{"line":146,"column":10},"end":{"line":146,"column":10}}]},"18":{"line":151,"type":"if","locations":[{"start":{"line":151,"column":10},"end":{"line":151,"column":10}},{"start":{"line":151,"column":10},"end":{"line":151,"column":10}}]},"19":{"line":151,"type":"binary-expr","locations":[{"start":{"line":151,"column":14},"end":{"line":151,"column":35}},{"start":{"line":151,"column":39},"end":{"line":151,"column":79}}]},"20":{"line":156,"type":"if","locations":[{"start":{"line":156,"column":10},"end":{"line":156,"column":10}},{"start":{"line":156,"column":10},"end":{"line":156,"column":10}}]},"21":{"line":164,"type":"if","locations":[{"start":{"line":164,"column":10},"end":{"line":164,"column":10}},{"start":{"line":164,"column":10},"end":{"line":164,"column":10}}]},"22":{"line":165,"type":"if","locations":[{"start":{"line":165,"column":12},"end":{"line":165,"column":12}},{"start":{"line":165,"column":12},"end":{"line":165,"column":12}}]},"23":{"line":172,"type":"if","locations":[{"start":{"line":172,"column":10},"end":{"line":172,"column":10}},{"start":{"line":172,"column":10},"end":{"line":172,"column":10}}]},"24":{"line":182,"type":"if","locations":[{"start":{"line":182,"column":10},"end":{"line":182,"column":10}},{"start":{"line":182,"column":10},"end":{"line":182,"column":10}}]}},"code":["/*"," * grunt-contrib-watch"," * http://gruntjs.com/"," *"," * Copyright (c) 2016 \"Cowboy\" Ben Alman, contributors"," * Licensed under the MIT license."," */","","'use strict';","","var path = require('path');","var Gaze = require('gaze').Gaze;","var _ = require('lodash');","var waiting = 'Waiting...';","var changedFiles = Object.create(null);","var watchers = [];","","module.exports = function(grunt) {","","  var taskrun = require('./lib/taskrunner')(grunt);","","  // Default date format logged","  var dateFormat = function(time) {","    grunt.log.writeln(String(","      'Completed in ' +","      time.toFixed(3) +","      's at ' +","      (new Date()).toString()","    ).cyan + ' - ' + waiting);","  };","","  // When task runner has started","  taskrun.on('start', function() {","    Object.keys(changedFiles).forEach(function(filepath) {","      // Log which file has changed, and how.","      grunt.log.ok('File \"' + filepath + '\" ' + changedFiles[filepath] + '.');","    });","    // Reset changedFiles","    changedFiles = Object.create(null);","  });","","  // When task runner has ended","  taskrun.on('end', function(time) {","    if (time > 0) {","      dateFormat(time);","    }","  });","","  // When a task run has been interrupted","  taskrun.on('interrupt', function() {","    grunt.log.writeln('').write('Scheduled tasks have been interrupted...'.yellow);","  });","","  // When taskrun is reloaded","  taskrun.on('reload', function() {","    taskrun.clearRequireCache(Object.keys(changedFiles));","    grunt.log.writeln('').writeln('Reloading watch config...'.cyan);","  });","","  grunt.registerTask('watch', 'Run predefined tasks whenever watched files change.', function(target) {","    var self = this;","    var name = self.name || 'watch';","","    // Close any previously opened watchers","    watchers.forEach(function(watcher) {","      watcher.close();","    });","    watchers = [];","","    // Never gonna give you up, never gonna let you down","    if (grunt.config([name, 'options', 'forever']) !== false) {","      taskrun.forever();","    }","","    // If a custom dateFormat function","    var df = grunt.config([name, 'options', 'dateFormat']);","    if (typeof df === 'function') {","      dateFormat = df;","    }","","    if (taskrun.running === false) {","      grunt.log.writeln(waiting);","    }","","    // Initialize taskrun","    var targets = taskrun.init(name, {target: target});","","    targets.forEach(function(target) {","      if (typeof target.files === 'string') {","        target.files = [target.files];","      }","","      // Process into raw patterns","      var patterns = _.chain(target.files).flatten().map(function(pattern) {","        return grunt.config.process(pattern);","      }).value();","","      // Validate the event option","      if (typeof target.options.event === 'string') {","        target.options.event = [target.options.event];","      }","","      var eventCwd = process.cwd();","      if (target.options.cwd && target.options.cwd.event) {","        eventCwd = target.options.cwd.event;","      }","","      // Set cwd if options.cwd.file is set","      if (typeof target.options.cwd !== 'string' && target.options.cwd.files) {","        target.options.cwd = target.options.cwd.files;","      }","","      // Create watcher per target","      watchers.push(new Gaze(patterns, target.options, function(err) {","        if (err) {","          if (typeof err === 'string') {","            err = new Error(err);","          }","          grunt.log.writeln('ERROR'.red);","          grunt.fatal(err);","          return taskrun.done();","        }","","        // Log all watched files with --verbose set","        if (grunt.option('verbose')) {","          var watched = this.watched();","          Object.keys(watched).forEach(function(watchedDir) {","            watched[watchedDir].forEach(function(watchedFile) {","              grunt.log.writeln('Watching ' + path.relative(process.cwd(), watchedFile) + ' for changes.');","            });","          });","        }","","        // On changed/added/deleted","        this.on('all', function(status, filepath) {","","          // Skip events not specified","          if (!_.contains(target.options.event, 'all') &&","              !_.contains(target.options.event, status)) {","            return;","          }","","          filepath = path.relative(eventCwd, filepath);","","          // Skip empty filepaths","          if (filepath === '') {","            return;","          }","","          // If Gruntfile.js changed, reload self task","          if (target.options.reload || /gruntfile\\.(js|coffee)/i.test(filepath)) {","            taskrun.reload = true;","          }","","          // Emit watch events if anyone is listening","          if (grunt.event.listeners('watch').length > 0) {","            grunt.event.emit('watch', status, filepath, target.name);","          }","","          // Group changed files only for display","          changedFiles[filepath] = status;","","          // Add changed files to the target","          if (taskrun.targets[target.name]) {","            if (!taskrun.targets[target.name].changedFiles) {","              taskrun.targets[target.name].changedFiles = Object.create(null);","            }","            taskrun.targets[target.name].changedFiles[filepath] = status;","          }","","          // Queue the target","          if (taskrun.queue.indexOf(target.name) === -1) {","            taskrun.queue.push(target.name);","          }","","          // Run the tasks","          taskrun.run();","        });","","        // On watcher error","        this.on('error', function(err) {","          if (typeof err === 'string') {","            err = new Error(err);","          }","          grunt.log.error(err.message);","        });","      }));","    });","","  });","};",""],"l":{"11":1,"12":1,"13":1,"14":1,"15":1,"16":1,"18":1,"20":0,"23":0,"24":0,"33":0,"34":0,"36":0,"39":0,"43":0,"44":0,"45":0,"50":0,"51":0,"55":0,"56":0,"57":0,"60":0,"61":0,"62":0,"65":0,"66":0,"68":0,"71":0,"72":0,"76":0,"77":0,"78":0,"81":0,"82":0,"86":0,"88":0,"89":0,"90":0,"94":0,"95":0,"99":0,"100":0,"103":0,"104":0,"105":0,"109":0,"110":0,"114":0,"115":0,"116":0,"117":0,"119":0,"120":0,"121":0,"125":0,"126":0,"127":0,"128":0,"129":0,"135":0,"138":0,"140":0,"143":0,"146":0,"147":0,"151":0,"152":0,"156":0,"157":0,"161":0,"164":0,"165":0,"166":0,"168":0,"172":0,"173":0,"177":0,"181":0,"182":0,"183":0,"185":0}},"/home/travis/build/npmtest/node-npmtest-grunt-contrib-watch/node_modules/grunt-contrib-watch/tasks/lib/livereload.js":{"path":"/home/travis/build/npmtest/node-npmtest-grunt-contrib-watch/node_modules/grunt-contrib-watch/tasks/lib/livereload.js","s":{"1":1,"2":1,"3":1,"4":1,"5":0,"6":1,"7":0,"8":0,"9":0,"10":0,"11":0,"12":0,"13":0,"14":0,"15":0,"16":0,"17":0,"18":0,"19":0,"20":0,"21":0,"22":0,"23":0,"24":0,"25":0,"26":0,"27":0,"28":0,"29":0,"30":0,"31":0},"b":{"1":[0,0],"2":[0,0],"3":[0,0],"4":[0,0],"5":[0,0],"6":[0,0]},"f":{"1":0,"2":0,"3":0,"4":0,"5":0,"6":0},"fnMap":{"1":{"name":"(anonymous_1)","line":17,"loc":{"start":{"line":17,"column":17},"end":{"line":17,"column":33}}},"2":{"name":"LR","line":21,"loc":{"start":{"line":21,"column":2},"end":{"line":21,"column":23}}},"3":{"name":"(anonymous_3)","line":37,"loc":{"start":{"line":37,"column":37},"end":{"line":37,"column":51}}},"4":{"name":"(anonymous_4)","line":45,"loc":{"start":{"line":45,"column":53},"end":{"line":45,"column":67}}},"5":{"name":"(anonymous_5)","line":55,"loc":{"start":{"line":55,"column":25},"end":{"line":55,"column":41}}},"6":{"name":"(anonymous_6)","line":60,"loc":{"start":{"line":60,"column":9},"end":{"line":60,"column":27}}}},"statementMap":{"1":{"start":{"line":11,"column":0},"end":{"line":11,"column":32}},"2":{"start":{"line":12,"column":0},"end":{"line":12,"column":26}},"3":{"start":{"line":15,"column":0},"end":{"line":15,"column":34}},"4":{"start":{"line":17,"column":0},"end":{"line":63,"column":2}},"5":{"start":{"line":19,"column":2},"end":{"line":19,"column":31}},"6":{"start":{"line":21,"column":2},"end":{"line":53,"column":3}},"7":{"start":{"line":22,"column":4},"end":{"line":28,"column":5}},"8":{"start":{"line":23,"column":6},"end":{"line":23,"column":25}},"9":{"start":{"line":24,"column":11},"end":{"line":28,"column":5}},"10":{"start":{"line":25,"column":6},"end":{"line":25,"column":32}},"11":{"start":{"line":27,"column":6},"end":{"line":27,"column":46}},"12":{"start":{"line":30,"column":4},"end":{"line":30,"column":58}},"13":{"start":{"line":32,"column":4},"end":{"line":52,"column":5}},"14":{"start":{"line":33,"column":6},"end":{"line":33,"column":34}},"15":{"start":{"line":35,"column":6},"end":{"line":35,"column":36}},"16":{"start":{"line":36,"column":6},"end":{"line":36,"column":53}},"17":{"start":{"line":37,"column":6},"end":{"line":44,"column":9}},"18":{"start":{"line":38,"column":8},"end":{"line":42,"column":9}},"19":{"start":{"line":39,"column":10},"end":{"line":39,"column":89}},"20":{"start":{"line":41,"column":10},"end":{"line":41,"column":27}},"21":{"start":{"line":43,"column":8},"end":{"line":43,"column":24}},"22":{"start":{"line":45,"column":6},"end":{"line":50,"column":9}},"23":{"start":{"line":46,"column":8},"end":{"line":48,"column":9}},"24":{"start":{"line":47,"column":10},"end":{"line":47,"column":34}},"25":{"start":{"line":49,"column":8},"end":{"line":49,"column":75}},"26":{"start":{"line":51,"column":6},"end":{"line":51,"column":34}},"27":{"start":{"line":55,"column":2},"end":{"line":58,"column":4}},"28":{"start":{"line":56,"column":4},"end":{"line":56,"column":85}},"29":{"start":{"line":57,"column":4},"end":{"line":57,"column":48}},"30":{"start":{"line":60,"column":2},"end":{"line":62,"column":4}},"31":{"start":{"line":61,"column":4},"end":{"line":61,"column":27}}},"branchMap":{"1":{"line":22,"type":"if","locations":[{"start":{"line":22,"column":4},"end":{"line":22,"column":4}},{"start":{"line":22,"column":4},"end":{"line":22,"column":4}}]},"2":{"line":24,"type":"if","locations":[{"start":{"line":24,"column":11},"end":{"line":24,"column":11}},{"start":{"line":24,"column":11},"end":{"line":24,"column":11}}]},"3":{"line":30,"type":"binary-expr","locations":[{"start":{"line":30,"column":16},"end":{"line":30,"column":28}},{"start":{"line":30,"column":32},"end":{"line":30,"column":35}}]},"4":{"line":32,"type":"if","locations":[{"start":{"line":32,"column":4},"end":{"line":32,"column":4}},{"start":{"line":32,"column":4},"end":{"line":32,"column":4}}]},"5":{"line":38,"type":"if","locations":[{"start":{"line":38,"column":8},"end":{"line":38,"column":8}},{"start":{"line":38,"column":8},"end":{"line":38,"column":8}}]},"6":{"line":46,"type":"if","locations":[{"start":{"line":46,"column":8},"end":{"line":46,"column":8}},{"start":{"line":46,"column":8},"end":{"line":46,"column":8}}]}},"code":["/*"," * grunt-contrib-watch"," * http://gruntjs.com/"," *"," * Copyright (c) 2016 \"Cowboy\" Ben Alman, contributors"," * Licensed under the MIT license."," */","","'use strict';","","var tinylr = require('tiny-lr');","var _ = require('lodash');","","// Holds the servers out of scope in case watch is reloaded","var servers = Object.create(null);","","module.exports = function(grunt) {","","  var defaults = {port: 35729};","","  function LR(options) {","    if (options === true) {","      options = defaults;","    } else if (typeof options === 'number') {","      options = {port: options};","    } else {","      options = _.defaults(options, defaults);","    }","","    var host = (options.host || '*') + ':' + options.port;","","    if (servers[host]) {","      this.server = servers[host];","    } else {","      this.server = tinylr(options);","      this.server.server.removeAllListeners('error');","      this.server.server.on('error', function(err) {","        if (err.code === 'EADDRINUSE') {","          grunt.fatal('Port ' + options.port + ' is already in use by another process.');","        } else {","          grunt.fatal(err);","        }","        process.exit(1);","      });","      this.server.listen(options.port, options.host, function(err) {","        if (err) {","          return grunt.fatal(err);","        }","        grunt.log.verbose.writeln('Live reload server started on ' + host);","      });","      servers[host] = this.server;","    }","  }","","  LR.prototype.trigger = function(files) {","    grunt.log.verbose.writeln('Live reloading ' + grunt.log.wordlist(files) + '...');","    this.server.changed({body: {files: files}});","  };","","  return function(options) {","    return new LR(options);","  };","};",""],"l":{"11":1,"12":1,"15":1,"17":1,"19":0,"21":1,"22":0,"23":0,"24":0,"25":0,"27":0,"30":0,"32":0,"33":0,"35":0,"36":0,"37":0,"38":0,"39":0,"41":0,"43":0,"45":0,"46":0,"47":0,"49":0,"51":0,"55":0,"56":0,"57":0,"60":0,"61":0}},"/home/travis/build/npmtest/node-npmtest-grunt-contrib-watch/node_modules/grunt-contrib-watch/tasks/lib/taskrun.js":{"path":"/home/travis/build/npmtest/node-npmtest-grunt-contrib-watch/node_modules/grunt-contrib-watch/tasks/lib/taskrun.js","s":{"1":1,"2":1,"3":0,"4":0,"5":0,"6":0,"7":0,"8":0,"9":0,"10":0,"11":0,"12":0,"13":0,"14":0,"15":0,"16":0,"17":0,"18":0,"19":0,"20":0,"21":0,"22":0,"23":0,"24":0,"25":0,"26":0,"27":0,"28":0,"29":0,"30":0,"31":0,"32":0,"33":0,"34":0,"35":0,"36":0,"37":0,"38":0,"39":0,"40":0,"41":0,"42":0,"43":0,"44":0,"45":0,"46":0,"47":0,"48":0,"49":0,"50":0},"b":{"1":[0,0],"2":[0,0],"3":[0,0],"4":[0,0],"5":[0,0],"6":[0,0],"7":[0,0],"8":[0,0],"9":[0,0],"10":[0,0],"11":[0,0],"12":[0,0],"13":[0,0,0],"14":[0,0],"15":[0,0],"16":[0,0],"17":[0,0,0]},"f":{"1":0,"2":0,"3":0,"4":0,"5":0,"6":0},"fnMap":{"1":{"name":"(anonymous_1)","line":11,"loc":{"start":{"line":11,"column":17},"end":{"line":11,"column":33}}},"2":{"name":"TaskRun","line":14,"loc":{"start":{"line":14,"column":2},"end":{"line":14,"column":27}}},"3":{"name":"(anonymous_3)","line":29,"loc":{"start":{"line":29,"column":22},"end":{"line":29,"column":33}}},"4":{"name":"(anonymous_4)","line":38,"loc":{"start":{"line":38,"column":26},"end":{"line":38,"column":41}}},"5":{"name":"(anonymous_5)","line":78,"loc":{"start":{"line":78,"column":9},"end":{"line":78,"column":34}}},"6":{"name":"(anonymous_6)","line":90,"loc":{"start":{"line":90,"column":31},"end":{"line":90,"column":42}}}},"statementMap":{"1":{"start":{"line":11,"column":0},"end":{"line":110,"column":2}},"2":{"start":{"line":14,"column":2},"end":{"line":27,"column":3}},"3":{"start":{"line":15,"column":4},"end":{"line":15,"column":33}},"4":{"start":{"line":16,"column":4},"end":{"line":16,"column":36}},"5":{"start":{"line":17,"column":4},"end":{"line":17,"column":40}},"6":{"start":{"line":18,"column":4},"end":{"line":18,"column":34}},"7":{"start":{"line":19,"column":4},"end":{"line":19,"column":27}},"8":{"start":{"line":20,"column":4},"end":{"line":20,"column":24}},"9":{"start":{"line":21,"column":4},"end":{"line":21,"column":44}},"10":{"start":{"line":22,"column":4},"end":{"line":22,"column":34}},"11":{"start":{"line":23,"column":4},"end":{"line":23,"column":34}},"12":{"start":{"line":24,"column":4},"end":{"line":26,"column":5}},"13":{"start":{"line":25,"column":6},"end":{"line":25,"column":62}},"14":{"start":{"line":29,"column":2},"end":{"line":35,"column":4}},"15":{"start":{"line":30,"column":4},"end":{"line":34,"column":5}},"16":{"start":{"line":31,"column":6},"end":{"line":31,"column":74}},"17":{"start":{"line":33,"column":6},"end":{"line":33,"column":58}},"18":{"start":{"line":38,"column":2},"end":{"line":87,"column":4}},"19":{"start":{"line":39,"column":4},"end":{"line":39,"column":20}},"20":{"start":{"line":42,"column":4},"end":{"line":44,"column":5}},"21":{"start":{"line":43,"column":6},"end":{"line":43,"column":13}},"22":{"start":{"line":47,"column":4},"end":{"line":47,"column":32}},"23":{"start":{"line":50,"column":4},"end":{"line":50,"column":34}},"24":{"start":{"line":51,"column":4},"end":{"line":51,"column":50}},"25":{"start":{"line":54,"column":4},"end":{"line":54,"column":48}},"26":{"start":{"line":55,"column":4},"end":{"line":57,"column":5}},"27":{"start":{"line":56,"column":6},"end":{"line":56,"column":32}},"28":{"start":{"line":60,"column":4},"end":{"line":62,"column":5}},"29":{"start":{"line":61,"column":6},"end":{"line":61,"column":20}},"30":{"start":{"line":64,"column":4},"end":{"line":86,"column":5}},"31":{"start":{"line":65,"column":6},"end":{"line":65,"column":33}},"32":{"start":{"line":66,"column":6},"end":{"line":66,"column":13}},"33":{"start":{"line":68,"column":6},"end":{"line":85,"column":9}},"34":{"start":{"line":79,"column":8},"end":{"line":79,"column":45}},"35":{"start":{"line":80,"column":8},"end":{"line":84,"column":9}},"36":{"start":{"line":82,"column":10},"end":{"line":82,"column":30}},"37":{"start":{"line":83,"column":10},"end":{"line":83,"column":17}},"38":{"start":{"line":90,"column":2},"end":{"line":107,"column":4}},"39":{"sta
[...]
ine":147,"type":"binary-expr","locations":[{"start":{"line":147,"column":31},"end":{"line":147,"column":45}},{"start":{"line":147,"column":49},"end":{"line":147,"column":51}}]},"24":{"line":176,"type":"if","locations":[{"start":{"line":176,"column":4},"end":{"line":176,"column":4}},{"start":{"line":176,"column":4},"end":{"line":176,"column":4}}]},"25":{"line":182,"type":"binary-expr","locations":[{"start":{"line":182,"column":33},"end":{"line":182,"column":69}},{"start":{"line":182,"column":73},"end":{"line":182,"column":75}}]},"26":{"line":185,"type":"if","locations":[{"start":{"line":185,"column":4},"end":{"line":185,"column":4}},{"start":{"line":185,"column":4},"end":{"line":185,"column":4}}]},"27":{"line":189,"type":"if","locations":[{"start":{"line":189,"column":8},"end":{"line":189,"column":8}},{"start":{"line":189,"column":8},"end":{"line":189,"column":8}}]},"28":{"line":189,"type":"binary-expr","locations":[{"start":{"line":189,"column":12},"end":{"line":189,"column":14}},{"start":{"line":189,"column":18},"end":{"line":189,"column":47}}]},"29":{"line":194,"type":"if","locations":[{"start":{"line":194,"column":6},"end":{"line":194,"column":6}},{"start":{"line":194,"column":6},"end":{"line":194,"column":6}}]},"30":{"line":203,"type":"if","locations":[{"start":{"line":203,"column":4},"end":{"line":203,"column":4}},{"start":{"line":203,"column":4},"end":{"line":203,"column":4}}]},"31":{"line":215,"type":"if","locations":[{"start":{"line":215,"column":6},"end":{"line":215,"column":6}},{"start":{"line":215,"column":6},"end":{"line":215,"column":6}}]},"32":{"line":220,"type":"binary-expr","locations":[{"start":{"line":220,"column":33},"end":{"line":220,"column":75}},{"start":{"line":220,"column":79},"end":{"line":220,"column":81}}]},"33":{"line":222,"type":"if","locations":[{"start":{"line":222,"column":6},"end":{"line":222,"column":6}},{"start":{"line":222,"column":6},"end":{"line":222,"column":6}}]},"34":{"line":222,"type":"binary-expr","locations":[{"start":{"line":222,"column":10},"end":{"line":222,"column":36}},{"start":{"line":222,"column":40},"end":{"line":222,"column":67}}]},"35":{"line":227,"type":"if","locations":[{"start":{"line":227,"column":6},"end":{"line":227,"column":6}},{"start":{"line":227,"column":6},"end":{"line":227,"column":6}}]},"36":{"line":239,"type":"if","locations":[{"start":{"line":239,"column":4},"end":{"line":239,"column":4}},{"start":{"line":239,"column":4},"end":{"line":239,"column":4}}]},"37":{"line":239,"type":"binary-expr","locations":[{"start":{"line":239,"column":22},"end":{"line":239,"column":33}},{"start":{"line":239,"column":37},"end":{"line":239,"column":38}}]},"38":{"line":244,"type":"if","locations":[{"start":{"line":244,"column":8},"end":{"line":244,"column":8}},{"start":{"line":244,"column":8},"end":{"line":244,"column":8}}]},"39":{"line":247,"type":"if","locations":[{"start":{"line":247,"column":8},"end":{"line":247,"column":8}},{"start":{"line":247,"column":8},"end":{"line":247,"column":8}}]},"40":{"line":260,"type":"binary-expr","locations":[{"start":{"line":260,"column":46},"end":{"line":260,"column":57}},{"start":{"line":260,"column":61},"end":{"line":260,"column":62}}]},"41":{"line":261,"type":"if","locations":[{"start":{"line":261,"column":6},"end":{"line":261,"column":6}},{"start":{"line":261,"column":6},"end":{"line":261,"column":6}}]},"42":{"line":263,"type":"if","locations":[{"start":{"line":263,"column":13},"end":{"line":263,"column":13}},{"start":{"line":263,"column":13},"end":{"line":263,"column":13}}]},"43":{"line":263,"type":"binary-expr","locations":[{"start":{"line":263,"column":17},"end":{"line":263,"column":32}},{"start":{"line":263,"column":36},"end":{"line":263,"column":54}}]},"44":{"line":275,"type":"if","locations":[{"start":{"line":275,"column":4},"end":{"line":275,"column":4}},{"start":{"line":275,"column":4},"end":{"line":275,"column":4}}]},"45":{"line":283,"type":"if","locations":[{"start":{"line":283,"column":6},"end":{"line":283,"column":6}},{"start":{"line":283,"column":6},"end":{"line":283,"column":6}}]},"46":{"line":286,"type":"if","locations":[{"start":{"line":286,"column":6},"end":{"line":286,"column":6}},{"start":{"line":286,"column":6},"end":{"line":286,"column":6}}]},"47":{"line":293,"type":"if","locations":[{"start":{"line":293,"column":8},"end":{"line":293,"column":8}},{"start":{"line":293,"column":8},"end":{"line":293,"column":8}}]},"48":{"line":293,"type":"binary-expr","locations":[{"start":{"line":293,"column":12},"end":{"line":293,"column":37}},{"start":{"line":293,"column":41},"end":{"line":293,"column":64}}]},"49":{"line":298,"type":"cond-expr","locations":[{"start":{"line":298,"column":31},"end":{"line":298,"column":50}},{"start":{"line":298,"column":53},"end":{"line":298,"column":54}}]},"50":{"line":308,"type":"if","locations":[{"start":{"line":308,"column":6},"end":{"line":308,"column":6}},{"start":{"line":308,"column":6},"end":{"line":308,"column":6}}]},"51":{"line":339,"type":"cond-expr","locations":[{"start":{"line":339,"column":44},"end":{"line":339,"column":45}},{"start":{"line":339,"column":48},"end":{"line":339,"column":57}}]},"52":{"line":341,"type":"if","locations":[{"start":{"line":341,"column":6},"end":{"line":341,"column":6}},{"start":{"line":341,"column":6},"end":{"line":341,"column":6}}]},"53":{"line":347,"type":"cond-expr","locations":[{"start":{"line":347,"column":44},"end":{"line":347,"column":45}},{"start":{"line":347,"column":48},"end":{"line":347,"column":57}}]},"54":{"line":357,"type":"cond-expr","locations":[{"start":{"line":357,"column":55},"end":{"line":357,"column":67}},{"start":{"line":357,"column":70},"end":{"line":357,"column":102}}]},"55":{"line":361,"type":"if","locations":[{"start":{"line":361,"column":6},"end":{"line":361,"column":6}},{"start":{"line":361,"column":6},"end":{"line":361,"column":6}}]}},"code":["/*"," * grunt-contrib-watch"," * http://gruntjs.com/"," *"," * Copyright (c) 2016 \"Cowboy\" Ben Alman, contributors"," * Licensed under the MIT license."," */","","'use strict';","","var path = require('path');","var EE = require('events').EventEmitter;","var util = require('util');","var _ = require('lodash');","var async = require('async');","","// Track which targets to run after reload","var reloadTargets = [];","","// A default target name for config where targets are not used (keep this unique)","var defaultTargetName = '_$_default_$_';","","module.exports = function(grunt) {","","  var TaskRun = require('./taskrun')(grunt);","  var livereload = require('./livereload')(grunt);","","  function Runner() {","    EE.call(this);","    // Name of the task","    this.name = 'watch';","    // Options for the runner","    this.options = {};","    // Function to close the task","    this.done = function() {};","    // Targets available to task run","    this.targets = Object.create(null);","    // The queue of task runs","    this.queue = [];","    // Whether we're actively running tasks","    this.running = false;","    // If a nospawn task has ran (and needs the watch to restart)","    this.nospawn = false;","    // Set to true before run() to reload task","    this.reload = false;","    // For re-queuing arguments with the task that originally ran this","    this.nameArgs = [];","    // A list of changed files to feed to task runs for livereload","    this.changedFiles = Object.create(null);","  }","  util.inherits(Runner, EE);","","  // Init a task for taskrun","  Runner.prototype.init = function init(name, defaults, done) {","    var self = this;","","    self.name = name || grunt.task.current.name || 'watch';","    self.options = self._options(grunt.config([self.name, 'options']) || {}, defaults || {});","    self.reload = false;","    self.nameArgs = grunt.task.current.nameArgs ? grunt.task.current.nameArgs : self.name;","","    // Normalize cwd option","    if (typeof self.options.cwd === 'string') {","      self.options.cwd = {files: self.options.cwd, spawn: self.options.cwd};","    }","","    // Function to call when closing the task","    self.done = done || grunt.task.current.async();","","    // If a default livereload server for all targets","    // Use task level unless target level overrides","    var taskLRConfig = grunt.config([self.name, 'options', 'livereload']);","    if (self.options.target && taskLRConfig) {","      var targetLRConfig = grunt.config([self.name, self.options.target, 'options', 'livereload']);","      if (targetLRConfig) {","        // Dont use task level as target level will be used instead","        taskLRConfig = false;","      }","    }","    if (taskLRConfig) {","      self.livereload = livereload(taskLRConfig);","    }","","    // Return the targets normalized","    var targets = self._getTargets(self.name);","","    if (self.running) {","      // If previously running, complete the last run","      self.complete();","    } else if (reloadTargets.length > 0) {","      // If not previously running but has items in the queue, needs run","      self.queue = reloadTargets;","      reloadTargets = [];","      self.run();","    } else {","      if (!self.hadError) {","        // Check whether target's tasks should run at start w/ atBegin option","        self.queue = targets.filter(function(tr) {","          return tr.options.atBegin === true && tr.tasks.length > 0;","        }).map(function(tr) {","          return tr.name;","        });","      } else {","        // There was an error in atBegin task, we can't re-run it, as this would","        // create an infinite loop of failing tasks","        // See https://github.com/gruntjs/grunt-contrib-watch/issues/169","        self.queue = [];","        self.hadError = false;","      }","      if (self.queue.length > 0) {","        self.run();","      }","    }","","    return targets;","  };","","  // Normalize targets from config","  Runner.prototype._getTargets = function _getTargets(name) {","    var self = this;","","    grunt.task.current.requiresConfig(name);","    var config = grunt.config(name);","    var onlyTarget = self.options.target ? self.options.target : false;","","    var targets = (onlyTarget ? [onlyTarget] : Object.keys(config)).filter(function(key) {","      if (key === 'options') {","        return false;","      }","      return typeof config[key] !== 'string' && !Array.isArray(config[key]);","    }).map(function(target) {","      // Fail if any required config properties have been omitted","      grunt.task.current.requiresConfig([name, target, 'files']);","      var cfg = grunt.config([name, target]);","      cfg.name = target;","      cfg.options = self._options(cfg.options || {}, self.options);","      self.add(cfg);","      return cfg;","    }, self);","","    // Allow \"basic\" non-target format","    if (typeof config.files === 'string' || Array.isArray(config.files)) {","      var cfg = {","        files: config.files,","        tasks: config.tasks,","        name: defaultTargetName,","        options: self._options(config.options || {}, self.options)","      };","      targets.push(cfg);","      self.add(cfg);","    }","","    return targets;","  };","","  // Default options","  Runner.prototype._options = function _options() {","    var args = Array.prototype.slice.call(arguments).concat({","      // The cwd to spawn within","      cwd: process.cwd(),","      // Additional cli args to append when spawning","      cliArgs: _.without.apply(null, [[].slice.call(process.argv, 2)].concat(grunt.cli.tasks)),","      interrupt: false,","      nospawn: false,","      spawn: true,","      atBegin: false,","      event: ['all'],","      target: null","    });","    return _.defaults.apply(_, args);","  };","","  // Run the current queue of task runs","  Runner.prototype.run = _.debounce(function run() {","    var self = this;","    if (self.queue.length < 1) {","      self.running = false;","      return;","    }","","    // Re-grab task options in case they changed between runs","    self.options = self._options(grunt.config([self.name, 'options']) || {}, self.options);","","    // If we should interrupt","    if (self.running === true) {","      var shouldInterrupt = true;","      self.queue.forEach(function(name) {","        var tr = self.targets[name];","        if (tr && tr.options.interrupt !== true) {","          shouldInterrupt = false;","          return false;","        }","      });","      if (shouldInterrupt === true) {","        self.interrupt();","      } else {","        // Dont interrupt the tasks running","        return;","      }","    }","","    // If we should reload","    if (self.reload) {","      return self.reloadTask();","    }","","    // Trigger that tasks runs have started","    self.emit('start');","    self.running = true;","","    // Run each target","    var shouldComplete = true;","    async.forEachSeries(self.queue, function(name, next) {","      var tr = self.targets[name];","      if (!tr) {","        return next();","      }","","      // Re-grab options in case they changed between runs","      tr.options = self._options(grunt.config([self.name, name, 'options']) || {}, tr.options, self.options);","","      if (tr.options.spawn === false || tr.options.nospawn === true) {","        shouldComplete = false;","      }","      tr.run(next);","    }, function() {","      if (shouldComplete) {","        self.complete();","      } else {","        grunt.task.mark().run(self.nameArgs);","        self.done();","      }","    });","  }, 250);","","  // Push targets onto the queue","  Runner.prototype.add = function add(target) {","    var self = this;","    if (!this.targets[target.name || 0]) {","","      // Private method for getting latest config for a watch target","      target._getConfig = function(name) {","        var cfgPath = [self.name];","        if (target.name !== defaultTargetName) {","          cfgPath.push(target.name);","        }","        if (name) {","          cfgPath.push(name);","        }","        return grunt.config(cfgPath);","      };","","      // Create a new TaskRun instance","      var tr = new TaskRun(target);","","      // Add livereload to task runs","      // Get directly from config as task level options are merged.","      // We only want a single default LR server and then","      // allow each target to override their own.","      var lrconfig = grunt.config([this.name, target.name || 0, 'options', 'livereload']);","      if (lrconfig) {","        tr.livereload = livereload(lrconfig);","      } else if (this.livereload && lrconfig !== false) {","        tr.livereload = this.livereload;","      }","","      return this.targets[tr.name] = tr;","    }","    return false;","  };","","  // Do this when queued task runs have completed/scheduled","  Runner.prototype.complete = function complete() {","    var self = this;","    if (self.running === false) {","      return;","    }","    self.running = false;","    var time = 0;","    for (var i = 0, len = self.queue.length; i < len; ++i) {","      var name = self.queue[i];","      var target = self.targets[name];","      if (!target) {","        return;","      }","      if (target.startedAt !== false) {","        time += target.complete();","        self.queue.splice(i--, 1);","        len--;","","        // if we're just livereloading and no tasks","        // it can happen too fast and we dont report it","        if (target.options.livereload && target.tasks.length < 1) {","          time += 0.0001;","        }","      }","    }","    var elapsed = (time > 0) ? Number(time / 1000) : 0;","    self.changedFiles = Object.create(null);","    self.emit('end', elapsed);","  };","","  // Run through completing every target in the queue","  Runner.prototype._completeQueue = function _completeQueue() {","    var self = this;","    self.queue.forEach(function(name) {","      var target = self.targets[name];","      if (!target) {","        return;","      }","      target.complete();","    });","  };","","  // Interrupt the running tasks","  Runner.prototype.interrupt = function interrupt() {","    var self = this;","    self._completeQueue();","    grunt.task.clearQueue();","    self.emit('interrupt');","  };","","  // Attempt to make this task run forever","  Runner.prototype.forever = function forever() {","    var self = this;","    function rerun() {","      // Clear queue and rerun to prevent failing","      self._completeQueue();","      grunt.task.clearQueue();","      grunt.task.run(self.nameArgs);","      self.running = false;","      // Mark that there was an error and we needed to rerun","      self.hadError = true;","    }","    grunt.fail.forever_warncount = 0;","    grunt.fail.forever_errorcount = 0;","    grunt.warn = grunt.fail.warn = function(e) {","      grunt.fail.forever_warncount ++;","      var message = typeof e === 'string' ? e : e.message;","      grunt.log.writeln(('Warning: ' + message).yellow);","      if (!grunt.option('force')) {","        rerun();","      }","    };","    grunt.fatal = grunt.fail.fatal = function(e) {","      grunt.fail.forever_errorcount ++;","      var message = typeof e === 'string' ? e : e.message;","      grunt.log.writeln(('Fatal error: ' + message).red);","      rerun();","    };","  };","","  // Clear the require cache for all passed filepaths.","  Runner.prototype.clearRequireCache = function() {","    // If a non-string argument is passed, it's an array of filepaths, otherwise","    // each filepath is passed individually.","    var filepaths = typeof arguments[0] !== 'string' ? arguments[0] : Array.prototype.slice(arguments);","    // For each filepath, clear the require cache, if necessary.","    filepaths.forEach(function(filepath) {","      var abspath = path.resolve(filepath);","      if (require.cache[abspath]) {","        grunt.verbose.write('Clearing require cache for \"' + filepath + '\" file...').ok();","        delete require.cache[abspath];","      }","    });","  };","","  // Reload this watch task, like when a Gruntfile is edited","  Runner.prototype.reloadTask = function() {","    var self = this;","    // Which targets to run after reload","    reloadTargets = self.queue;","    self.emit('reload', reloadTargets);","","    // Re-init the watch task config","    grunt.task.init([self.name]);","","    // Complete all running tasks","    self._completeQueue();","","    // Run the watch task again","    grunt.task.run(self.nameArgs);","    self.done();","  };","","  return new Runner();","};",""],"l":{"11":1,"12":1,"13":1,"14":1,"15":1,"18":1,"21":1,"23":1,"25":0,"26":0,"28":1,"29":0,"31":0,"33":0,"35":0,"37":0,"39":0,"41":0,"43":0,"45":0,"47":0,"49":0,"51":0,"54":0,"55":0,"57":0,"58":0,"59":0,"60":0,"63":0,"64":0,"68":0,"72":0,"73":0,"74":0,"75":0,"77":0,"80":0,"81":0,"85":0,"87":0,"89":0,"90":0,"92":0,"93":0,"94":0,"96":0,"98":0,"99":0,"101":0,"107":0,"108":0,"110":0,"111":0,"115":0,"119":0,"120":0,"122":0,"123":0,"124":0,"126":0,"127":0,"128":0,"130":0,"133":0,"134":0,"135":0,"136":0,"137":0,"138":0,"142":0,"143":0,"149":0,"150":0,"153":0,"157":0,"158":0,"170":0,"174":0,"175":0,"176":0,"177":0,"178":0,"182":0,"185":0,"186":0,"187":0,"188":0,"189":0,"190":0,"191":0,"194":0,"195":0,"198":0,"203":0,"204":0,"208":0,"209":0,"212":0,"213":0,"214":0,"215":0,"216":0,"220":0,"222":0,"223":0,"225":0,"227":0,"228":0,"230":0,"231":0,"237":0,"238":0,"239":0,"242":0,"243":0,"244":0,"245":0,"247":0,"248":0,"250":0,"254":0,"260":0,"261":0,"262":0,"263":0,"264":0,"267":0,"269":0,"273":0,"274":0,"275":0,"276":0,"278":0,"279":0,"280":0,"281":0,"282":0,"283":0,"284":0,"286":0,"287":0,"288":0,"289":0,"293":0,"294":0,"298":0,"299":0,"300":0,"304":0,"305":0,"306":0,"307":0,"308":0,"309":0,"311":0,"316":0,"317":0,"318":0,"319":0,"320":0,"324":0,"325":0,"326":1,"328":0,"329":0,"330":0,"331":0,"333":0,"335":0,"336":0,"337":0,"338":0,"339":0,"340":0,"341":0,"342":0,"345":0,"346":0,"347":0,"348":0,"349":0,"354":0,"357":0,"359":0,"360":0,"361":0,"362":0,"363":0,"369":0,"370":0,"372":0,"373":0,"376":0,"379":0,"382":0,"383":0,"386":0}}}